2022-09-11 09:09:45,097 [myid:] - INFO  [main:o.a.z.ZKTestCase@77] - STARTING Optional[public void org.apache.zookeeper.test.StaticHostProviderTest.testReconfigDuringReconfigMode() throws java.net.UnknownHostException]
2022-09-11 09:09:47,477 [myid:] - INFO  [main:o.a.z.ZKTestCase@82] - FINISHED Optional[public void org.apache.zookeeper.test.StaticHostProviderTest.testReconfigDuringReconfigMode() throws java.net.UnknownHostException]
2022-09-11 09:09:47,506 [myid:] - INFO  [main:o.a.z.ZKTestCase@77] - STARTING Optional[public void org.apache.zookeeper.test.StaticHostProviderTest.testOnConnectDoesNotReset()]
2022-09-11 09:09:47,512 [myid:] - INFO  [main:o.a.z.ZKTestCase@82] - FINISHED Optional[public void org.apache.zookeeper.test.StaticHostProviderTest.testOnConnectDoesNotReset()]
2022-09-11 09:09:47,545 [myid:] - INFO  [main:o.a.z.ZKTestCase@77] - STARTING Optional[public void org.apache.zookeeper.test.StaticHostProviderTest.testUpdateServerList_UnresolvedHostnames_NoDisconnection1()]
[testhost-4.testdomain.com/<unresolved>:1238, testhost-3.testdomain.com/<unresolved>:1237, testhost-2.testdomain.com/<unresolved>:1236, testhost-1.testdomain.com/<unresolved>:1235]
[testhost-3.testdomain.com/<unresolved>:1237, testhost-2.testdomain.com/<unresolved>:1236, testhost-1.testdomain.com/<unresolved>:1235]
2022-09-11 09:09:47,746 [myid:] - INFO  [main:o.a.z.ZKTestCase@82] - FINISHED Optional[public void org.apache.zookeeper.test.StaticHostProviderTest.testUpdateServerList_UnresolvedHostnames_NoDisconnection1()]
2022-09-11 09:09:47,753 [myid:] - INFO  [main:o.a.z.ZKTestCase@77] - STARTING Optional[public void org.apache.zookeeper.test.StaticHostProviderTest.testUpdateServerList_UnresolvedHostnames_NoDisconnection2()]
[testhost-3.testdomain.com/<unresolved>:1237, testhost-2.testdomain.com/<unresolved>:1236, testhost-1.testdomain.com/<unresolved>:1235]
[testhost-3.testdomain.com/<unresolved>:1237, testhost-2.testdomain.com/<unresolved>:1236, testhost-1.testdomain.com/<unresolved>:1235]
2022-09-11 09:09:47,761 [myid:] - INFO  [main:o.a.z.ZKTestCase@82] - FINISHED Optional[public void org.apache.zookeeper.test.StaticHostProviderTest.testUpdateServerList_UnresolvedHostnames_NoDisconnection2()]
2022-09-11 09:09:47,767 [myid:] - INFO  [main:o.a.z.ZKTestCase@77] - STARTING Optional[public void org.apache.zookeeper.test.StaticHostProviderTest.testUpdateServerList_ResolvedWithResolvedAddress_NoDisconnect() throws java.net.UnknownHostException]
2022-09-11 09:09:47,789 [myid:] - INFO  [main:o.a.z.ZKTestCase@82] - FINISHED Optional[public void org.apache.zookeeper.test.StaticHostProviderTest.testUpdateServerList_ResolvedWithResolvedAddress_NoDisconnect() throws java.net.UnknownHostException]
2022-09-11 09:09:47,927 [myid:] - INFO  [main:o.a.z.ZKTestCase@77] - STARTING Optional[public void org.apache.zookeeper.test.StaticHostProviderTest.testNextGoesRoundAndSleeps()]
2022-09-11 09:09:48,931 [myid:] - INFO  [main:o.a.z.ZKTestCase@82] - FINISHED Optional[public void org.apache.zookeeper.test.StaticHostProviderTest.testNextGoesRoundAndSleeps()]
2022-09-11 09:09:48,933 [myid:] - INFO  [main:o.a.z.ZKTestCase@77] - STARTING Optional[public void org.apache.zookeeper.test.StaticHostProviderTest.testLiteralIPNoReverseNS()]
2022-09-11 09:09:48,946 [myid:] - INFO  [main:o.a.z.ZKTestCase@82] - FINISHED Optional[public void org.apache.zookeeper.test.StaticHostProviderTest.testLiteralIPNoReverseNS()]
2022-09-11 09:09:48,949 [myid:] - INFO  [main:o.a.z.ZKTestCase@77] - STARTING Optional[public void org.apache.zookeeper.test.StaticHostProviderTest.testReResolvingLocalhost()]
2022-09-11 09:09:48,960 [myid:] - INFO  [main:o.a.z.ZKTestCase@82] - FINISHED Optional[public void org.apache.zookeeper.test.StaticHostProviderTest.testReResolvingLocalhost()]
2022-09-11 09:09:48,963 [myid:] - INFO  [main:o.a.z.ZKTestCase@77] - STARTING Optional[public void org.apache.zookeeper.test.StaticHostProviderTest.testEmptyResolution() throws java.net.UnknownHostException]
2022-09-11 09:09:55,399 [myid:] - INFO  [main:o.a.z.ZKTestCase@82] - FINISHED Optional[public void org.apache.zookeeper.test.StaticHostProviderTest.testEmptyResolution() throws java.net.UnknownHostException]
2022-09-11 09:09:55,413 [myid:] - INFO  [main:o.a.z.ZKTestCase@77] - STARTING Optional[public void org.apache.zookeeper.test.StaticHostProviderTest.testReResolvingMultiple() throws java.net.UnknownHostException]
2022-09-11 09:09:55,636 [myid:] - INFO  [main:o.a.z.ZKTestCase@82] - FINISHED Optional[public void org.apache.zookeeper.test.StaticHostProviderTest.testReResolvingMultiple() throws java.net.UnknownHostException]
2022-09-11 09:09:55,649 [myid:] - INFO  [main:o.a.z.ZKTestCase@77] - STARTING Optional[public void org.apache.zookeeper.test.StaticHostProviderTest.testUpdateLoadBalancing() throws java.net.UnknownHostException]
2022-09-11 09:09:57,711 [myid:] - INFO  [main:o.a.z.ZKTestCase@82] - FINISHED Optional[public void org.apache.zookeeper.test.StaticHostProviderTest.testUpdateLoadBalancing() throws java.net.UnknownHostException]
2022-09-11 09:09:57,714 [myid:] - INFO  [main:o.a.z.ZKTestCase@77] - STARTING Optional[public void org.apache.zookeeper.test.StaticHostProviderTest.testUpdateServerList_UnResolvedWithUnResolvedAddress_ForceDisconnect()]
2022-09-11 09:09:57,756 [myid:] - ERROR [main:o.a.z.c.StaticHostProvider@148] - Unable to resolve address: testhost-1.zookeepertest.zk/<unresolved>:1235
java.net.UnknownHostException: null
	at org.apache.zookeeper.test.StaticHostProviderTest$TestResolver.getAllByName(StaticHostProviderTest.java:667)
	at org.apache.zookeeper.client.StaticHostProvider.resolve(StaticHostProvider.java:141)
	at org.apache.zookeeper.client.StaticHostProvider.next(StaticHostProvider.java:368)
	at org.apache.zookeeper.test.StaticHostProviderTest.testUpdateServerList_UnResolvedWithUnResolvedAddress_ForceDisconnect(StaticHostProviderTest.java:626)
	at java.base/jdk.internal.reflect.DirectMethodHandleAccessor.invoke(DirectMethodHandleAccessor.java:104)
	at java.base/java.lang.reflect.Method.invoke(Method.java:577)
	at org.junit.platform.commons.util.ReflectionUtils.invokeMethod(ReflectionUtils.java:686)
	at org.junit.jupiter.engine.execution.MethodInvocation.proceed(MethodInvocation.java:60)
	at org.junit.jupiter.engine.execution.InvocationInterceptorChain$ValidatingInvocation.proceed(InvocationInterceptorChain.java:131)
	at org.junit.jupiter.engine.extension.TimeoutExtension.intercept(TimeoutExtension.java:149)
	at org.junit.jupiter.engine.extension.TimeoutExtension.interceptTestableMethod(TimeoutExtension.java:140)
	at org.junit.jupiter.engine.extension.TimeoutExtension.interceptTestMethod(TimeoutExtension.java:84)
	at org.junit.jupiter.engine.execution.ExecutableInvoker$ReflectiveInterceptorCall.lambda$ofVoidMethod$0(ExecutableInvoker.java:115)
	at org.junit.jupiter.engine.execution.ExecutableInvoker.lambda$invoke$0(ExecutableInvoker.java:105)
	at org.junit.jupiter.engine.execution.InvocationInterceptorChain$InterceptedInvocation.proceed(InvocationInterceptorChain.java:106)
	at org.junit.jupiter.engine.execution.InvocationInterceptorChain.proceed(InvocationInterceptorChain.java:64)
	at org.junit.jupiter.engine.execution.InvocationInterceptorChain.chainAndInvoke(InvocationInterceptorChain.java:45)
	at org.junit.jupiter.engine.execution.InvocationInterceptorChain.invoke(InvocationInterceptorChain.java:37)
	at org.junit.jupiter.engine.execution.ExecutableInvoker.invoke(ExecutableInvoker.java:104)
	at org.junit.jupiter.engine.execution.ExecutableInvoker.invoke(ExecutableInvoker.java:98)
	at org.junit.jupiter.engine.descriptor.TestMethodTestDescriptor.lambda$invokeTestMethod$6(TestMethodTestDescriptor.java:212)
	at org.junit.platform.engine.support.hierarchical.ThrowableCollector.execute(ThrowableCollector.java:73)
	at org.junit.jupiter.engine.descriptor.TestMethodTestDescriptor.invokeTestMethod(TestMethodTestDescriptor.java:208)
	at org.junit.jupiter.engine.descriptor.TestMethodTestDescriptor.execute(TestMethodTestDescriptor.java:137)
	at org.junit.jupiter.engine.descriptor.TestMethodTestDescriptor.execute(TestMethodTestDescriptor.java:71)
	at org.junit.platform.engine.support.hierarchical.NodeTestTask.lambda$executeRecursively$5(NodeTestTask.java:135)
	at org.junit.platform.engine.support.hierarchical.ThrowableCollector.execute(ThrowableCollector.java:73)
	at org.junit.platform.engine.support.hierarchical.NodeTestTask.lambda$executeRecursively$7(NodeTestTask.java:125)
	at org.junit.platform.engine.support.hierarchical.Node.around(Node.java:135)
	at org.junit.platform.engine.support.hierarchical.NodeTestTask.lambda$executeRecursively$8(NodeTestTask.java:123)
	at org.junit.platform.engine.support.hierarchical.ThrowableCollector.execute(ThrowableCollector.java:73)
	at org.junit.platform.engine.support.hierarchical.NodeTestTask.executeRecursively(NodeTestTask.java:122)
	at org.junit.platform.engine.support.hierarchical.NodeTestTask.execute(NodeTestTask.java:80)
	at java.base/java.util.ArrayList.forEach(ArrayList.java:1511)
	at org.junit.platform.engine.support.hierarchical.SameThreadHierarchicalTestExecutorService.invokeAll(SameThreadHierarchicalTestExecutorService.java:38)
	at org.junit.platform.engine.support.hierarchical.NodeTestTask.lambda$executeRecursively$5(NodeTestTask.java:139)
	at org.junit.platform.engine.support.hierarchical.ThrowableCollector.execute(ThrowableCollector.java:73)
	at org.junit.platform.engine.support.hierarchical.NodeTestTask.lambda$executeRecursively$7(NodeTestTask.java:125)
	at org.junit.platform.engine.support.hierarchical.Node.around(Node.java:135)
	at org.junit.platform.engine.support.hierarchical.NodeTestTask.lambda$executeRecursively$8(NodeTestTask.java:123)
	at org.junit.platform.engine.support.hierarchical.ThrowableCollector.execute(ThrowableCollector.java:73)
	at org.junit.platform.engine.support.hierarchical.NodeTestTask.executeRecursively(NodeTestTask.java:122)
	at org.junit.platform.engine.support.hierarchical.NodeTestTask.execute(NodeTestTask.java:80)
	at java.base/java.util.ArrayList.forEach(ArrayList.java:1511)
	at org.junit.platform.engine.support.hierarchical.SameThreadHierarchicalTestExecutorService.invokeAll(SameThreadHierarchicalTestExecutorService.java:38)
	at org.junit.platform.engine.support.hierarchical.NodeTestTask.lambda$executeRecursively$5(NodeTestTask.java:139)
	at org.junit.platform.engine.support.hierarchical.ThrowableCollector.execute(ThrowableCollector.java:73)
	at org.junit.platform.engine.support.hierarchical.NodeTestTask.lambda$executeRecursively$7(NodeTestTask.java:125)
	at org.junit.platform.engine.support.hierarchical.Node.around(Node.java:135)
	at org.junit.platform.engine.support.hierarchical.NodeTestTask.lambda$executeRecursively$8(NodeTestTask.java:123)
	at org.junit.platform.engine.support.hierarchical.ThrowableCollector.execute(ThrowableCollector.java:73)
	at org.junit.platform.engine.support.hierarchical.NodeTestTask.executeRecursively(NodeTestTask.java:122)
	at org.junit.platform.engine.support.hierarchical.NodeTestTask.execute(NodeTestTask.java:80)
	at org.junit.platform.engine.support.hierarchical.SameThreadHierarchicalTestExecutorService.submit(SameThreadHierarchicalTestExecutorService.java:32)
	at org.junit.platform.engine.support.hierarchical.HierarchicalTestExecutor.execute(HierarchicalTestExecutor.java:57)
	at org.junit.platform.engine.support.hierarchical.HierarchicalTestEngine.execute(HierarchicalTestEngine.java:51)
	at org.junit.platform.launcher.core.DefaultLauncher.execute(DefaultLauncher.java:248)
	at org.junit.platform.launcher.core.DefaultLauncher.lambda$execute$5(DefaultLauncher.java:211)
	at org.junit.platform.launcher.core.DefaultLauncher.withInterceptedStreams(DefaultLauncher.java:226)
	at org.junit.platform.launcher.core.DefaultLauncher.execute(DefaultLauncher.java:199)
	at org.junit.platform.launcher.core.DefaultLauncher.execute(DefaultLauncher.java:132)
	at org.apache.maven.surefire.junitplatform.JUnitPlatformProvider.invokeAllTests(JUnitPlatformProvider.java:142)
	at org.apache.maven.surefire.junitplatform.JUnitPlatformProvider.invoke(JUnitPlatformProvider.java:113)
	at org.apache.maven.surefire.booter.ForkedBooter.invokeProviderInSameClassLoader(ForkedBooter.java:384)
	at org.apache.maven.surefire.booter.ForkedBooter.runSuitesInProcess(ForkedBooter.java:345)
	at org.apache.maven.surefire.booter.ForkedBooter.execute(ForkedBooter.java:126)
	at org.apache.maven.surefire.booter.ForkedBooter.main(ForkedBooter.java:418)
2022-09-11 09:09:57,774 [myid:] - INFO  [main:o.a.z.ZKTestCase@82] - FINISHED Optional[public void org.apache.zookeeper.test.StaticHostProviderTest.testUpdateServerList_UnResolvedWithUnResolvedAddress_ForceDisconnect()]
2022-09-11 09:09:57,778 [myid:] - INFO  [main:o.a.z.ZKTestCase@77] - STARTING Optional[public void org.apache.zookeeper.test.StaticHostProviderTest.testUpdateServerList_UnresolvedHostnames_Disconnection1()]
[testhost-3.testdomain.com/<unresolved>:1237, testhost-2.testdomain.com/<unresolved>:1236, testhost-1.testdomain.com/<unresolved>:1235]
[testhost-2.testdomain.com/<unresolved>:1236, testhost-1.testdomain.com/<unresolved>:1235]
2022-09-11 09:09:57,781 [myid:] - INFO  [main:o.a.z.ZKTestCase@82] - FINISHED Optional[public void org.apache.zookeeper.test.StaticHostProviderTest.testUpdateServerList_UnresolvedHostnames_Disconnection1()]
2022-09-11 09:09:57,784 [myid:] - INFO  [main:o.a.z.ZKTestCase@77] - STARTING Optional[public void org.apache.zookeeper.test.StaticHostProviderTest.testUpdateServerList_UnresolvedHostnames_Disconnection2()]
[testhost-3.testdomain.com/<unresolved>:1237, testhost-2.testdomain.com/<unresolved>:1236, testhost-1.testdomain.com/<unresolved>:1235]
[testhost-3.testdomain.com/<unresolved>:1237, testhost-2.testdomain.com/<unresolved>:1236, testhost-1.testdomain.com/<unresolved>:1235]
2022-09-11 09:09:57,787 [myid:] - INFO  [main:o.a.z.ZKTestCase@82] - FINISHED Optional[public void org.apache.zookeeper.test.StaticHostProviderTest.testUpdateServerList_UnresolvedHostnames_Disconnection2()]
2022-09-11 09:09:57,789 [myid:] - INFO  [main:o.a.z.ZKTestCase@77] - STARTING Optional[public void org.apache.zookeeper.test.StaticHostProviderTest.testNextDoesNotSleepForZero()]
2022-09-11 09:09:57,791 [myid:] - INFO  [main:o.a.z.ZKTestCase@82] - FINISHED Optional[public void org.apache.zookeeper.test.StaticHostProviderTest.testNextDoesNotSleepForZero()]
2022-09-11 09:09:57,793 [myid:] - INFO  [main:o.a.z.ZKTestCase@77] - STARTING Optional[public void org.apache.zookeeper.test.StaticHostProviderTest.testInvalidHostAddresses()]
2022-09-11 09:09:57,803 [myid:] - ERROR [main:o.a.z.c.StaticHostProvider@148] - Unable to resolve address: a/<unresolved>:1234
java.net.UnknownHostException: null
	at org.apache.zookeeper.test.StaticHostProviderTest$1.getAllByName(StaticHostProviderTest.java:110)
	at org.apache.zookeeper.client.StaticHostProvider.resolve(StaticHostProvider.java:141)
	at org.apache.zookeeper.client.StaticHostProvider.next(StaticHostProvider.java:368)
	at org.apache.zookeeper.test.StaticHostProviderTest.testInvalidHostAddresses(StaticHostProviderTest.java:116)
	at java.base/jdk.internal.reflect.DirectMethodHandleAccessor.invoke(DirectMethodHandleAccessor.java:104)
	at java.base/java.lang.reflect.Method.invoke(Method.java:577)
	at org.junit.platform.commons.util.ReflectionUtils.invokeMethod(ReflectionUtils.java:686)
	at org.junit.jupiter.engine.execution.MethodInvocation.proceed(MethodInvocation.java:60)
	at org.junit.jupiter.engine.execution.InvocationInterceptorChain$ValidatingInvocation.proceed(InvocationInterceptorChain.java:131)
	at org.junit.jupiter.engine.extension.TimeoutExtension.intercept(TimeoutExtension.java:149)
	at org.junit.jupiter.engine.extension.TimeoutExtension.interceptTestableMethod(TimeoutExtension.java:140)
	at org.junit.jupiter.engine.extension.TimeoutExtension.interceptTestMethod(TimeoutExtension.java:84)
	at org.junit.jupiter.engine.execution.ExecutableInvoker$ReflectiveInterceptorCall.lambda$ofVoidMethod$0(ExecutableInvoker.java:115)
	at org.junit.jupiter.engine.execution.ExecutableInvoker.lambda$invoke$0(ExecutableInvoker.java:105)
	at org.junit.jupiter.engine.execution.InvocationInterceptorChain$InterceptedInvocation.proceed(InvocationInterceptorChain.java:106)
	at org.junit.jupiter.engine.execution.InvocationInterceptorChain.proceed(InvocationInterceptorChain.java:64)
	at org.junit.jupiter.engine.execution.InvocationInterceptorChain.chainAndInvoke(InvocationInterceptorChain.java:45)
	at org.junit.jupiter.engine.execution.InvocationInterceptorChain.invoke(InvocationInterceptorChain.java:37)
	at org.junit.jupiter.engine.execution.ExecutableInvoker.invoke(ExecutableInvoker.java:104)
	at org.junit.jupiter.engine.execution.ExecutableInvoker.invoke(ExecutableInvoker.java:98)
	at org.junit.jupiter.engine.descriptor.TestMethodTestDescriptor.lambda$invokeTestMethod$6(TestMethodTestDescriptor.java:212)
	at org.junit.platform.engine.support.hierarchical.ThrowableCollector.execute(ThrowableCollector.java:73)
	at org.junit.jupiter.engine.descriptor.TestMethodTestDescriptor.invokeTestMethod(TestMethodTestDescriptor.java:208)
	at org.junit.jupiter.engine.descriptor.TestMethodTestDescriptor.execute(TestMethodTestDescriptor.java:137)
	at org.junit.jupiter.engine.descriptor.TestMethodTestDescriptor.execute(TestMethodTestDescriptor.java:71)
	at org.junit.platform.engine.support.hierarchical.NodeTestTask.lambda$executeRecursively$5(NodeTestTask.java:135)
	at org.junit.platform.engine.support.hierarchical.ThrowableCollector.execute(ThrowableCollector.java:73)
	at org.junit.platform.engine.support.hierarchical.NodeTestTask.lambda$executeRecursively$7(NodeTestTask.java:125)
	at org.junit.platform.engine.support.hierarchical.Node.around(Node.java:135)
	at org.junit.platform.engine.support.hierarchical.NodeTestTask.lambda$executeRecursively$8(NodeTestTask.java:123)
	at org.junit.platform.engine.support.hierarchical.ThrowableCollector.execute(ThrowableCollector.java:73)
	at org.junit.platform.engine.support.hierarchical.NodeTestTask.executeRecursively(NodeTestTask.java:122)
	at org.junit.platform.engine.support.hierarchical.NodeTestTask.execute(NodeTestTask.java:80)
	at java.base/java.util.ArrayList.forEach(ArrayList.java:1511)
	at org.junit.platform.engine.support.hierarchical.SameThreadHierarchicalTestExecutorService.invokeAll(SameThreadHierarchicalTestExecutorService.java:38)
	at org.junit.platform.engine.support.hierarchical.NodeTestTask.lambda$executeRecursively$5(NodeTestTask.java:139)
	at org.junit.platform.engine.support.hierarchical.ThrowableCollector.execute(ThrowableCollector.java:73)
	at org.junit.platform.engine.support.hierarchical.NodeTestTask.lambda$executeRecursively$7(NodeTestTask.java:125)
	at org.junit.platform.engine.support.hierarchical.Node.around(Node.java:135)
	at org.junit.platform.engine.support.hierarchical.NodeTestTask.lambda$executeRecursively$8(NodeTestTask.java:123)
	at org.junit.platform.engine.support.hierarchical.ThrowableCollector.execute(ThrowableCollector.java:73)
	at org.junit.platform.engine.support.hierarchical.NodeTestTask.executeRecursively(NodeTestTask.java:122)
	at org.junit.platform.engine.support.hierarchical.NodeTestTask.execute(NodeTestTask.java:80)
	at java.base/java.util.ArrayList.forEach(ArrayList.java:1511)
	at org.junit.platform.engine.support.hierarchical.SameThreadHierarchicalTestExecutorService.invokeAll(SameThreadHierarchicalTestExecutorService.java:38)
	at org.junit.platform.engine.support.hierarchical.NodeTestTask.lambda$executeRecursively$5(NodeTestTask.java:139)
	at org.junit.platform.engine.support.hierarchical.ThrowableCollector.execute(ThrowableCollector.java:73)
	at org.junit.platform.engine.support.hierarchical.NodeTestTask.lambda$executeRecursively$7(NodeTestTask.java:125)
	at org.junit.platform.engine.support.hierarchical.Node.around(Node.java:135)
	at org.junit.platform.engine.support.hierarchical.NodeTestTask.lambda$executeRecursively$8(NodeTestTask.java:123)
	at org.junit.platform.engine.support.hierarchical.ThrowableCollector.execute(ThrowableCollector.java:73)
	at org.junit.platform.engine.support.hierarchical.NodeTestTask.executeRecursively(NodeTestTask.java:122)
	at org.junit.platform.engine.support.hierarchical.NodeTestTask.execute(NodeTestTask.java:80)
	at org.junit.platform.engine.support.hierarchical.SameThreadHierarchicalTestExecutorService.submit(SameThreadHierarchicalTestExecutorService.java:32)
	at org.junit.platform.engine.support.hierarchical.HierarchicalTestExecutor.execute(HierarchicalTestExecutor.java:57)
	at org.junit.platform.engine.support.hierarchical.HierarchicalTestEngine.execute(HierarchicalTestEngine.java:51)
	at org.junit.platform.launcher.core.DefaultLauncher.execute(DefaultLauncher.java:248)
	at org.junit.platform.launcher.core.DefaultLauncher.lambda$execute$5(DefaultLauncher.java:211)
	at org.junit.platform.launcher.core.DefaultLauncher.withInterceptedStreams(DefaultLauncher.java:226)
	at org.junit.platform.launcher.core.DefaultLauncher.execute(DefaultLauncher.java:199)
	at org.junit.platform.launcher.core.DefaultLauncher.execute(DefaultLauncher.java:132)
	at org.apache.maven.surefire.junitplatform.JUnitPlatformProvider.invokeAllTests(JUnitPlatformProvider.java:142)
	at org.apache.maven.surefire.junitplatform.JUnitPlatformProvider.invoke(JUnitPlatformProvider.java:113)
	at org.apache.maven.surefire.booter.ForkedBooter.invokeProviderInSameClassLoader(ForkedBooter.java:384)
	at org.apache.maven.surefire.booter.ForkedBooter.runSuitesInProcess(ForkedBooter.java:345)
	at org.apache.maven.surefire.booter.ForkedBooter.execute(ForkedBooter.java:126)
	at org.apache.maven.surefire.booter.ForkedBooter.main(ForkedBooter.java:418)
2022-09-11 09:09:57,809 [myid:] - INFO  [main:o.a.z.ZKTestCase@82] - FINISHED Optional[public void org.apache.zookeeper.test.StaticHostProviderTest.testInvalidHostAddresses()]
2022-09-11 09:09:57,811 [myid:] - INFO  [main:o.a.z.ZKTestCase@77] - STARTING Optional[public void org.apache.zookeeper.test.StaticHostProviderTest.testNoCurrentHostDuringNormalMode() throws java.net.UnknownHostException]
2022-09-11 09:09:58,249 [myid:] - INFO  [main:o.a.z.ZKTestCase@82] - FINISHED Optional[public void org.apache.zookeeper.test.StaticHostProviderTest.testNoCurrentHostDuringNormalMode() throws java.net.UnknownHostException]
2022-09-11 09:09:58,252 [myid:] - INFO  [main:o.a.z.ZKTestCase@77] - STARTING Optional[public void org.apache.zookeeper.test.StaticHostProviderTest.testUpdateMigrationGoesRound() throws java.net.UnknownHostException]
2022-09-11 09:09:58,253 [myid:] - INFO  [main:o.a.z.ZKTestCase@82] - FINISHED Optional[public void org.apache.zookeeper.test.StaticHostProviderTest.testUpdateMigrationGoesRound() throws java.net.UnknownHostException]
2022-09-11 09:09:58,257 [myid:] - INFO  [main:o.a.z.ZKTestCase@77] - STARTING Optional[public void org.apache.zookeeper.test.StaticHostProviderTest.testUpdateServerList_ResolvedWithUnResolvedAddress_ForceDisconnect()]
2022-09-11 09:09:58,258 [myid:] - INFO  [main:o.a.z.ZKTestCase@82] - FINISHED Optional[public void org.apache.zookeeper.test.StaticHostProviderTest.testUpdateServerList_ResolvedWithUnResolvedAddress_ForceDisconnect()]
2022-09-11 09:09:58,266 [myid:] - INFO  [main:o.a.z.ZKTestCase@77] - STARTING Optional[public void org.apache.zookeeper.test.StaticHostProviderTest.testReResolveMultipleOneFailing() throws java.net.UnknownHostException]
2022-09-11 09:09:58,426 [myid:] - INFO  [main:o.a.z.ZKTestCase@82] - FINISHED Optional[public void org.apache.zookeeper.test.StaticHostProviderTest.testReResolveMultipleOneFailing() throws java.net.UnknownHostException]
2022-09-11 09:09:58,429 [myid:] - INFO  [main:o.a.z.ZKTestCase@77] - STARTING Optional[public void org.apache.zookeeper.test.StaticHostProviderTest.testUpdateServerList_UnResolvedWithResolvedAddress_ForceDisconnect() throws java.net.UnknownHostException]
2022-09-11 09:09:58,430 [myid:] - ERROR [main:o.a.z.c.StaticHostProvider@148] - Unable to resolve address: testhost-1.zookeepertest.zk/<unresolved>:1235
java.net.UnknownHostException: null
	at org.apache.zookeeper.test.StaticHostProviderTest$TestResolver.getAllByName(StaticHostProviderTest.java:667)
	at org.apache.zookeeper.client.StaticHostProvider.resolve(StaticHostProvider.java:141)
	at org.apache.zookeeper.client.StaticHostProvider.next(StaticHostProvider.java:368)
	at org.apache.zookeeper.test.StaticHostProviderTest.testUpdateServerList_UnResolvedWithResolvedAddress_ForceDisconnect(StaticHostProviderTest.java:644)
	at java.base/jdk.internal.reflect.DirectMethodHandleAccessor.invoke(DirectMethodHandleAccessor.java:104)
	at java.base/java.lang.reflect.Method.invoke(Method.java:577)
	at org.junit.platform.commons.util.ReflectionUtils.invokeMethod(ReflectionUtils.java:686)
	at org.junit.jupiter.engine.execution.MethodInvocation.proceed(MethodInvocation.java:60)
	at org.junit.jupiter.engine.execution.InvocationInterceptorChain$ValidatingInvocation.proceed(InvocationInterceptorChain.java:131)
	at org.junit.jupiter.engine.extension.TimeoutExtension.intercept(TimeoutExtension.java:149)
	at org.junit.jupiter.engine.extension.TimeoutExtension.interceptTestableMethod(TimeoutExtension.java:140)
	at org.junit.jupiter.engine.extension.TimeoutExtension.interceptTestMethod(TimeoutExtension.java:84)
	at org.junit.jupiter.engine.execution.ExecutableInvoker$ReflectiveInterceptorCall.lambda$ofVoidMethod$0(ExecutableInvoker.java:115)
	at org.junit.jupiter.engine.execution.ExecutableInvoker.lambda$invoke$0(ExecutableInvoker.java:105)
	at org.junit.jupiter.engine.execution.InvocationInterceptorChain$InterceptedInvocation.proceed(InvocationInterceptorChain.java:106)
	at org.junit.jupiter.engine.execution.InvocationInterceptorChain.proceed(InvocationInterceptorChain.java:64)
	at org.junit.jupiter.engine.execution.InvocationInterceptorChain.chainAndInvoke(InvocationInterceptorChain.java:45)
	at org.junit.jupiter.engine.execution.InvocationInterceptorChain.invoke(InvocationInterceptorChain.java:37)
	at org.junit.jupiter.engine.execution.ExecutableInvoker.invoke(ExecutableInvoker.java:104)
	at org.junit.jupiter.engine.execution.ExecutableInvoker.invoke(ExecutableInvoker.java:98)
	at org.junit.jupiter.engine.descriptor.TestMethodTestDescriptor.lambda$invokeTestMethod$6(TestMethodTestDescriptor.java:212)
	at org.junit.platform.engine.support.hierarchical.ThrowableCollector.execute(ThrowableCollector.java:73)
	at org.junit.jupiter.engine.descriptor.TestMethodTestDescriptor.invokeTestMethod(TestMethodTestDescriptor.java:208)
	at org.junit.jupiter.engine.descriptor.TestMethodTestDescriptor.execute(TestMethodTestDescriptor.java:137)
	at org.junit.jupiter.engine.descriptor.TestMethodTestDescriptor.execute(TestMethodTestDescriptor.java:71)
	at org.junit.platform.engine.support.hierarchical.NodeTestTask.lambda$executeRecursively$5(NodeTestTask.java:135)
	at org.junit.platform.engine.support.hierarchical.ThrowableCollector.execute(ThrowableCollector.java:73)
	at org.junit.platform.engine.support.hierarchical.NodeTestTask.lambda$executeRecursively$7(NodeTestTask.java:125)
	at org.junit.platform.engine.support.hierarchical.Node.around(Node.java:135)
	at org.junit.platform.engine.support.hierarchical.NodeTestTask.lambda$executeRecursively$8(NodeTestTask.java:123)
	at org.junit.platform.engine.support.hierarchical.ThrowableCollector.execute(ThrowableCollector.java:73)
	at org.junit.platform.engine.support.hierarchical.NodeTestTask.executeRecursively(NodeTestTask.java:122)
	at org.junit.platform.engine.support.hierarchical.NodeTestTask.execute(NodeTestTask.java:80)
	at java.base/java.util.ArrayList.forEach(ArrayList.java:1511)
	at org.junit.platform.engine.support.hierarchical.SameThreadHierarchicalTestExecutorService.invokeAll(SameThreadHierarchicalTestExecutorService.java:38)
	at org.junit.platform.engine.support.hierarchical.NodeTestTask.lambda$executeRecursively$5(NodeTestTask.java:139)
	at org.junit.platform.engine.support.hierarchical.ThrowableCollector.execute(ThrowableCollector.java:73)
	at org.junit.platform.engine.support.hierarchical.NodeTestTask.lambda$executeRecursively$7(NodeTestTask.java:125)
	at org.junit.platform.engine.support.hierarchical.Node.around(Node.java:135)
	at org.junit.platform.engine.support.hierarchical.NodeTestTask.lambda$executeRecursively$8(NodeTestTask.java:123)
	at org.junit.platform.engine.support.hierarchical.ThrowableCollector.execute(ThrowableCollector.java:73)
	at org.junit.platform.engine.support.hierarchical.NodeTestTask.executeRecursively(NodeTestTask.java:122)
	at org.junit.platform.engine.support.hierarchical.NodeTestTask.execute(NodeTestTask.java:80)
	at java.base/java.util.ArrayList.forEach(ArrayList.java:1511)
	at org.junit.platform.engine.support.hierarchical.SameThreadHierarchicalTestExecutorService.invokeAll(SameThreadHierarchicalTestExecutorService.java:38)
	at org.junit.platform.engine.support.hierarchical.NodeTestTask.lambda$executeRecursively$5(NodeTestTask.java:139)
	at org.junit.platform.engine.support.hierarchical.ThrowableCollector.execute(ThrowableCollector.java:73)
	at org.junit.platform.engine.support.hierarchical.NodeTestTask.lambda$executeRecursively$7(NodeTestTask.java:125)
	at org.junit.platform.engine.support.hierarchical.Node.around(Node.java:135)
	at org.junit.platform.engine.support.hierarchical.NodeTestTask.lambda$executeRecursively$8(NodeTestTask.java:123)
	at org.junit.platform.engine.support.hierarchical.ThrowableCollector.execute(ThrowableCollector.java:73)
	at org.junit.platform.engine.support.hierarchical.NodeTestTask.executeRecursively(NodeTestTask.java:122)
	at org.junit.platform.engine.support.hierarchical.NodeTestTask.execute(NodeTestTask.java:80)
	at org.junit.platform.engine.support.hierarchical.SameThreadHierarchicalTestExecutorService.submit(SameThreadHierarchicalTestExecutorService.java:32)
	at org.junit.platform.engine.support.hierarchical.HierarchicalTestExecutor.execute(HierarchicalTestExecutor.java:57)
	at org.junit.platform.engine.support.hierarchical.HierarchicalTestEngine.execute(HierarchicalTestEngine.java:51)
	at org.junit.platform.launcher.core.DefaultLauncher.execute(DefaultLauncher.java:248)
	at org.junit.platform.launcher.core.DefaultLauncher.lambda$execute$5(DefaultLauncher.java:211)
	at org.junit.platform.launcher.core.DefaultLauncher.withInterceptedStreams(DefaultLauncher.java:226)
	at org.junit.platform.launcher.core.DefaultLauncher.execute(DefaultLauncher.java:199)
	at org.junit.platform.launcher.core.DefaultLauncher.execute(DefaultLauncher.java:132)
	at org.apache.maven.surefire.junitplatform.JUnitPlatformProvider.invokeAllTests(JUnitPlatformProvider.java:142)
	at org.apache.maven.surefire.junitplatform.JUnitPlatformProvider.invoke(JUnitPlatformProvider.java:113)
	at org.apache.maven.surefire.booter.ForkedBooter.invokeProviderInSameClassLoader(ForkedBooter.java:384)
	at org.apache.maven.surefire.booter.ForkedBooter.runSuitesInProcess(ForkedBooter.java:345)
	at org.apache.maven.surefire.booter.ForkedBooter.execute(ForkedBooter.java:126)
	at org.apache.maven.surefire.booter.ForkedBooter.main(ForkedBooter.java:418)
2022-09-11 09:09:58,432 [myid:] - INFO  [main:o.a.z.ZKTestCase@82] - FINISHED Optional[public void org.apache.zookeeper.test.StaticHostProviderTest.testUpdateServerList_UnResolvedWithResolvedAddress_ForceDisconnect() throws java.net.UnknownHostException]
2022-09-11 09:09:58,437 [myid:] - INFO  [main:o.a.z.ZKTestCase@77] - STARTING Optional[public void org.apache.zookeeper.test.StaticHostProviderTest.testNextGoesRound()]
2022-09-11 09:09:58,439 [myid:] - INFO  [main:o.a.z.ZKTestCase@82] - FINISHED Optional[public void org.apache.zookeeper.test.StaticHostProviderTest.testNextGoesRound()]
2022-09-11 09:09:58,440 [myid:] - INFO  [main:o.a.z.ZKTestCase@77] - STARTING Optional[public void org.apache.zookeeper.test.StaticHostProviderTest.testUpdateClientMigrateOrNot() throws java.net.UnknownHostException]
2022-09-11 09:09:58,713 [myid:] - INFO  [main:o.a.z.ZKTestCase@82] - FINISHED Optional[public void org.apache.zookeeper.test.StaticHostProviderTest.testUpdateClientMigrateOrNot() throws java.net.UnknownHostException]
2022-09-11 09:09:58,716 [myid:] - INFO  [main:o.a.z.ZKTestCase@77] - STARTING Optional[public void org.apache.zookeeper.test.StaticHostProviderTest.testEmptyServerAddressesList()]
2022-09-11 09:09:58,721 [myid:] - INFO  [main:o.a.z.ZKTestCase@82] - FINISHED Optional[public void org.apache.zookeeper.test.StaticHostProviderTest.testEmptyServerAddressesList()]
2022-09-11 09:09:58,724 [myid:] - INFO  [main:o.a.z.ZKTestCase@77] - STARTING Optional[public void org.apache.zookeeper.test.StaticHostProviderTest.testTwoConsequitiveCallsToNextReturnDifferentElement()]
2022-09-11 09:09:58,726 [myid:] - INFO  [main:o.a.z.ZKTestCase@82] - FINISHED Optional[public void org.apache.zookeeper.test.StaticHostProviderTest.testTwoConsequitiveCallsToNextReturnDifferentElement()]
2022-09-11 09:09:58,848 [myid:] - INFO  [main:o.a.z.ZKTestCase@77] - STARTING Optional[public void org.apache.zookeeper.test.StaticHostProviderTest.testReResolvingSingle() throws java.net.UnknownHostException]
2022-09-11 09:09:58,957 [myid:] - INFO  [main:o.a.z.ZKTestCase@82] - FINISHED Optional[public void org.apache.zookeeper.test.StaticHostProviderTest.testReResolvingSingle() throws java.net.UnknownHostException]
