<?xml version="1.0" encoding="UTF-8"?>
<testsuite xmlns:xsi="http://www.w3.org/2001/XMLSchema-instance" xsi:noNamespaceSchemaLocation="https://maven.apache.org/surefire/maven-surefire-plugin/xsd/surefire-test-report.xsd" name="org.apache.zookeeper.RemoveWatchesTest" time="80.442" tests="46" errors="0" skipped="0" failures="0">
  <properties>
[...]
</properties>
  <testcase name="testRemoveWhenMultipleChildWatchesOnAPath{boolean}[1]" classname="org.apache.zookeeper.RemoveWatchesTest" time="2.567"/>
  <testcase name="testRemoveWhenMultipleChildWatchesOnAPath{boolean}[2]" classname="org.apache.zookeeper.RemoveWatchesTest" time="0.624"/>
  <testcase name="testMultipleChildWatchers{boolean}[1]" classname="org.apache.zookeeper.RemoveWatchesTest" time="3.521"/>
  <testcase name="testMultipleChildWatchers{boolean}[2]" classname="org.apache.zookeeper.RemoveWatchesTest" time="3.538"/>
  <testcase name="testRemoveAllNoWatcherException{boolean}[1]" classname="org.apache.zookeeper.RemoveWatchesTest" time="0.5"/>
  <testcase name="testRemoveAllNoWatcherException{boolean}[2]" classname="org.apache.zookeeper.RemoveWatchesTest" time="0.42"/>
  <testcase name="testRemoveWhenMultipleDataWatchesOnAPath{boolean}[1]" classname="org.apache.zookeeper.RemoveWatchesTest" time="0.419"/>
  <testcase name="testRemoveWhenMultipleDataWatchesOnAPath{boolean}[2]" classname="org.apache.zookeeper.RemoveWatchesTest" time="0.396"/>
  <testcase name="testManyPreNodeWatchers{boolean}[1]" classname="org.apache.zookeeper.RemoveWatchesTest" time="0.545"/>
  <testcase name="testManyPreNodeWatchers{boolean}[2]" classname="org.apache.zookeeper.RemoveWatchesTest" time="0.605"/>
  <testcase name="testChRootRemoveWatcher{boolean}[1]" classname="org.apache.zookeeper.RemoveWatchesTest" time="0.708"/>
  <testcase name="testChRootRemoveWatcher{boolean}[2]" classname="org.apache.zookeeper.RemoveWatchesTest" time="0.744"/>
  <testcase name="testRemoveWatcherWhenNoConnection{boolean}[1]" classname="org.apache.zookeeper.RemoveWatchesTest" time="14.795"/>
  <testcase name="testRemoveWatcherWhenNoConnection{boolean}[2]" classname="org.apache.zookeeper.RemoveWatchesTest" time="17.205"/>
  <testcase name="testRemoveAllDataWatchesOnAPath{boolean}[1]" classname="org.apache.zookeeper.RemoveWatchesTest" time="0.354"/>
  <testcase name="testRemoveAllDataWatchesOnAPath{boolean}[2]" classname="org.apache.zookeeper.RemoveWatchesTest" time="0.385"/>
  <testcase name="testNoWatcherException{boolean}[1]" classname="org.apache.zookeeper.RemoveWatchesTest" time="0.341"/>
  <testcase name="testNoWatcherException{boolean}[2]" classname="org.apache.zookeeper.RemoveWatchesTest" time="0.36"/>
  <testcase name="testRemoveAnyDataWatcher{boolean}[1]" classname="org.apache.zookeeper.RemoveWatchesTest" time="0.376"/>
  <testcase name="testRemoveAnyDataWatcher{boolean}[2]" classname="org.apache.zookeeper.RemoveWatchesTest" time="0.363"/>
  <testcase name="testNoWatcherServerException{boolean}[1]" classname="org.apache.zookeeper.RemoveWatchesTest" time="3.982"/>
  <testcase name="testNoWatcherServerException{boolean}[2]" classname="org.apache.zookeeper.RemoveWatchesTest" time="0.356"/>
  <testcase name="testManyWatchersWhenNoConnection{boolean}[1]" classname="org.apache.zookeeper.RemoveWatchesTest" time="6.417"/>
  <testcase name="testManyWatchersWhenNoConnection{boolean}[2]" classname="org.apache.zookeeper.RemoveWatchesTest" time="6.593"/>
  <testcase name="testRemoveAnyChildWatcher{boolean}[1]" classname="org.apache.zookeeper.RemoveWatchesTest" time="0.343"/>
  <testcase name="testRemoveAnyChildWatcher{boolean}[2]" classname="org.apache.zookeeper.RemoveWatchesTest" time="0.353"/>
  <testcase name="testManyDataWatchers{boolean}[1]" classname="org.apache.zookeeper.RemoveWatchesTest" time="1.138"/>
  <testcase name="testManyDataWatchers{boolean}[2]" classname="org.apache.zookeeper.RemoveWatchesTest" time="1.149"/>
  <testcase name="testRemoveAllWatchers{boolean}[1]" classname="org.apache.zookeeper.RemoveWatchesTest" time="0.398"/>
  <testcase name="testRemoveAllWatchers{boolean}[2]" classname="org.apache.zookeeper.RemoveWatchesTest" time="0.349"/>
  <testcase name="testRemoveAllChildWatchesOnAPath{boolean}[1]" classname="org.apache.zookeeper.RemoveWatchesTest" time="0.35"/>
  <testcase name="testRemoveAllChildWatchesOnAPath{boolean}[2]" classname="org.apache.zookeeper.RemoveWatchesTest" time="0.353"/>
  <testcase name="testRemoveAllDataWatchers{boolean}[1]" classname="org.apache.zookeeper.RemoveWatchesTest" time="0.375"/>
  <testcase name="testRemoveAllDataWatchers{boolean}[2]" classname="org.apache.zookeeper.RemoveWatchesTest" time="1.359"/>
  <testcase name="testRemoveAllChildWatchers{boolean}[1]" classname="org.apache.zookeeper.RemoveWatchesTest" time="0.355"/>
  <testcase name="testRemoveAllChildWatchers{boolean}[2]" classname="org.apache.zookeeper.RemoveWatchesTest" time="1.353"/>
  <testcase name="testNullWatcherReference{boolean}[1]" classname="org.apache.zookeeper.RemoveWatchesTest" time="0.333"/>
  <testcase name="testNullWatcherReference{boolean}[2]" classname="org.apache.zookeeper.RemoveWatchesTest" time="0.32"/>
  <testcase name="testRemoveSingleWatcher{boolean}[1]" classname="org.apache.zookeeper.RemoveWatchesTest" time="0.383"/>
  <testcase name="testRemoveSingleWatcher{boolean}[2]" classname="org.apache.zookeeper.RemoveWatchesTest" time="0.375"/>
  <testcase name="testManyChildWatchers{boolean}[1]" classname="org.apache.zookeeper.RemoveWatchesTest" time="1.133"/>
  <testcase name="testManyChildWatchers{boolean}[2]" classname="org.apache.zookeeper.RemoveWatchesTest" time="1.125"/>
  <testcase name="testMultipleDataWatchers{boolean}[1]" classname="org.apache.zookeeper.RemoveWatchesTest" time="0.336"/>
  <testcase name="testMultipleDataWatchers{boolean}[2]" classname="org.apache.zookeeper.RemoveWatchesTest" time="0.325"/>
  <testcase name="testRemoveAllWatchesOnAPath{boolean}[1]" classname="org.apache.zookeeper.RemoveWatchesTest" time="0.321"/>
  <testcase name="testRemoveAllWatchesOnAPath{boolean}[2]" classname="org.apache.zookeeper.RemoveWatchesTest" time="0.309"/>
</testsuite>