<?xml version="1.0" encoding="UTF-8"?>
<testsuite xmlns:xsi="http://www.w3.org/2001/XMLSchema-instance" xsi:noNamespaceSchemaLocation="https://maven.apache.org/surefire/maven-surefire-plugin/xsd/surefire-test-report.xsd" name="org.apache.zookeeper.common.X509UtilTest" time="45.532" tests="384" errors="0" skipped="0" failures="0">
  <properties>
[...]
</properties>
  <testcase name="testLoadPEMTrustStoreNullPassword{X509KeyType, X509KeyType, String, Integer}[1]" classname="org.apache.zookeeper.common.X509UtilTest" time="2.242"/>
  <testcase name="testLoadPEMTrustStoreNullPassword{X509KeyType, X509KeyType, String, Integer}[2]" classname="org.apache.zookeeper.common.X509UtilTest" time="1.191"/>
  <testcase name="testLoadPEMTrustStoreNullPassword{X509KeyType, X509KeyType, String, Integer}[3]" classname="org.apache.zookeeper.common.X509UtilTest" time="0.717"/>
  <testcase name="testLoadPEMTrustStoreNullPassword{X509KeyType, X509KeyType, String, Integer}[4]" classname="org.apache.zookeeper.common.X509UtilTest" time="0.45"/>
  <testcase name="testLoadPEMTrustStoreNullPassword{X509KeyType, X509KeyType, String, Integer}[5]" classname="org.apache.zookeeper.common.X509UtilTest" time="0.902"/>
  <testcase name="testLoadPEMTrustStoreNullPassword{X509KeyType, X509KeyType, String, Integer}[6]" classname="org.apache.zookeeper.common.X509UtilTest" time="0.92"/>
  <testcase name="testLoadPEMTrustStoreNullPassword{X509KeyType, X509KeyType, String, Integer}[7]" classname="org.apache.zookeeper.common.X509UtilTest" time="0.238"/>
  <testcase name="testLoadPEMTrustStoreNullPassword{X509KeyType, X509KeyType, String, Integer}[8]" classname="org.apache.zookeeper.common.X509UtilTest" time="0.262"/>
  <testcase name="testCreateSSLContextWithoutKeyStorePassword{X509KeyType, X509KeyType, String, Integer}[1]" classname="org.apache.zookeeper.common.X509UtilTest" time="0.013"/>
  <testcase name="testCreateSSLContextWithoutKeyStorePassword{X509KeyType, X509KeyType, String, Integer}[2]" classname="org.apache.zookeeper.common.X509UtilTest" time="0.239"/>
  <testcase name="testCreateSSLContextWithoutKeyStorePassword{X509KeyType, X509KeyType, String, Integer}[3]" classname="org.apache.zookeeper.common.X509UtilTest" time="0.003"/>
  <testcase name="testCreateSSLContextWithoutKeyStorePassword{X509KeyType, X509KeyType, String, Integer}[4]" classname="org.apache.zookeeper.common.X509UtilTest" time="0.166"/>
  <testcase name="testCreateSSLContextWithoutKeyStorePassword{X509KeyType, X509KeyType, String, Integer}[5]" classname="org.apache.zookeeper.common.X509UtilTest" time="0.003"/>
  <testcase name="testCreateSSLContextWithoutKeyStorePassword{X509KeyType, X509KeyType, String, Integer}[6]" classname="org.apache.zookeeper.common.X509UtilTest" time="0.135"/>
  <testcase name="testCreateSSLContextWithoutKeyStorePassword{X509KeyType, X509KeyType, String, Integer}[7]" classname="org.apache.zookeeper.common.X509UtilTest" time="0.003"/>
  <testcase name="testCreateSSLContextWithoutKeyStorePassword{X509KeyType, X509KeyType, String, Integer}[8]" classname="org.apache.zookeeper.common.X509UtilTest" time="0.124"/>
  <testcase name="testLoadPKCS12TrustStore{X509KeyType, X509KeyType, String, Integer}[1]" classname="org.apache.zookeeper.common.X509UtilTest" time="0.156"/>
  <testcase name="testLoadPKCS12TrustStore{X509KeyType, X509KeyType, String, Integer}[2]" classname="org.apache.zookeeper.common.X509UtilTest" time="0.155"/>
  <testcase name="testLoadPKCS12TrustStore{X509KeyType, X509KeyType, String, Integer}[3]" classname="org.apache.zookeeper.common.X509UtilTest" time="0.135"/>
  <testcase name="testLoadPKCS12TrustStore{X509KeyType, X509KeyType, String, Integer}[4]" classname="org.apache.zookeeper.common.X509UtilTest" time="0.206"/>
  <testcase name="testLoadPKCS12TrustStore{X509KeyType, X509KeyType, String, Integer}[5]" classname="org.apache.zookeeper.common.X509UtilTest" time="0.153"/>
  <testcase name="testLoadPKCS12TrustStore{X509KeyType, X509KeyType, String, Integer}[6]" classname="org.apache.zookeeper.common.X509UtilTest" time="0.16"/>
  <testcase name="testLoadPKCS12TrustStore{X509KeyType, X509KeyType, String, Integer}[7]" classname="org.apache.zookeeper.common.X509UtilTest" time="0.139"/>
  <testcase name="testLoadPKCS12TrustStore{X509KeyType, X509KeyType, String, Integer}[8]" classname="org.apache.zookeeper.common.X509UtilTest" time="0.143"/>
  <testcase name="testLoadPKCS12TrustStoreWithWrongPassword{X509KeyType, X509KeyType, String, Integer}[1]" classname="org.apache.zookeeper.common.X509UtilTest" time="0.068"/>
  <testcase name="testLoadPKCS12TrustStoreWithWrongPassword{X509KeyType, X509KeyType, String, Integer}[2]" classname="org.apache.zookeeper.common.X509UtilTest" time="0.085"/>
  <testcase name="testLoadPKCS12TrustStoreWithWrongPassword{X509KeyType, X509KeyType, String, Integer}[3]" classname="org.apache.zookeeper.common.X509UtilTest" time="0.03"/>
  <testcase name="testLoadPKCS12TrustStoreWithWrongPassword{X509KeyType, X509KeyType, String, Integer}[4]" classname="org.apache.zookeeper.common.X509UtilTest" time="0.037"/>
  <testcase name="testLoadPKCS12TrustStoreWithWrongPassword{X509KeyType, X509KeyType, String, Integer}[5]" classname="org.apache.zookeeper.common.X509UtilTest" time="0.036"/>
  <testcase name="testLoadPKCS12TrustStoreWithWrongPassword{X509KeyType, X509KeyType, String, Integer}[6]" classname="org.apache.zookeeper.common.X509UtilTest" time="0.032"/>
  <testcase name="testLoadPKCS12TrustStoreWithWrongPassword{X509KeyType, X509KeyType, String, Integer}[7]" classname="org.apache.zookeeper.common.X509UtilTest" time="0.068"/>
  <testcase name="testLoadPKCS12TrustStoreWithWrongPassword{X509KeyType, X509KeyType, String, Integer}[8]" classname="org.apache.zookeeper.common.X509UtilTest" time="0.041"/>
  <testcase name="testCreateSSLContext_withWrongKeyStorePasswordFromFile{X509KeyType, X509KeyType, String, Integer}[1]" classname="org.apache.zookeeper.common.X509UtilTest" time="0.032"/>
  <testcase name="testCreateSSLContext_withWrongKeyStorePasswordFromFile{X509KeyType, X509KeyType, String, Integer}[2]" classname="org.apache.zookeeper.common.X509UtilTest" time="0.07"/>
  <testcase name="testCreateSSLContext_withWrongKeyStorePasswordFromFile{X509KeyType, X509KeyType, String, Integer}[3]" classname="org.apache.zookeeper.common.X509UtilTest" time="0.054"/>
  <testcase name="testCreateSSLContext_withWrongKeyStorePasswordFromFile{X509KeyType, X509KeyType, String, Integer}[4]" classname="org.apache.zookeeper.common.X509UtilTest" time="0.062"/>
  <testcase name="testCreateSSLContext_withWrongKeyStorePasswordFromFile{X509KeyType, X509KeyType, String, Integer}[5]" classname="org.apache.zookeeper.common.X509UtilTest" time="0.079"/>
  <testcase name="testCreateSSLContext_withWrongKeyStorePasswordFromFile{X509KeyType, X509KeyType, String, Integer}[6]" classname="org.apache.zookeeper.common.X509UtilTest" time="0.052"/>
  <testcase name="testCreateSSLContext_withWrongKeyStorePasswordFromFile{X509KeyType, X509KeyType, String, Integer}[7]" classname="org.apache.zookeeper.common.X509UtilTest" time="0.114"/>
  <testcase name="testCreateSSLContext_withWrongKeyStorePasswordFromFile{X509KeyType, X509KeyType, String, Integer}[8]" classname="org.apache.zookeeper.common.X509UtilTest" time="0.105"/>
  <testcase name="testClientRenegotiationFails{X509KeyType, X509KeyType, String, Integer}[1]" classname="org.apache.zookeeper.common.X509UtilTest" time="1.206"/>
  <testcase name="testClientRenegotiationFails{X509KeyType, X509KeyType, String, Integer}[2]" classname="org.apache.zookeeper.common.X509UtilTest" time="0.404"/>
  <testcase name="testClientRenegotiationFails{X509KeyType, X509KeyType, String, Integer}[3]" classname="org.apache.zookeeper.common.X509UtilTest" time="0.427"/>
  <testcase name="testClientRenegotiationFails{X509KeyType, X509KeyType, String, Integer}[4]" classname="org.apache.zookeeper.common.X509UtilTest" time="0.468"/>
  <testcase name="testClientRenegotiationFails{X509KeyType, X509KeyType, String, Integer}[5]" classname="org.apache.zookeeper.common.X509UtilTest" time="0.559"/>
  <testcase name="testClientRenegotiationFails{X509KeyType, X509KeyType, String, Integer}[6]" classname="org.apache.zookeeper.common.X509UtilTest" time="0.355"/>
  <testcase name="testClientRenegotiationFails{X509KeyType, X509KeyType, String, Integer}[7]" classname="org.apache.zookeeper.common.X509UtilTest" time="0.544"/>
  <testcase name="testClientRenegotiationFails{X509KeyType, X509KeyType, String, Integer}[8]" classname="org.apache.zookeeper.common.X509UtilTest" time="0.583"/>
  <testcase name="testCRLEnabled{X509KeyType, X509KeyType, String, Integer}[1]" classname="org.apache.zookeeper.common.X509UtilTest" time="0.236"/>
  <testcase name="testCRLEnabled{X509KeyType, X509KeyType, String, Integer}[2]" classname="org.apache.zookeeper.common.X509UtilTest" time="0.322"/>
  <testcase name="testCRLEnabled{X509KeyType, X509KeyType, String, Integer}[3]" classname="org.apache.zookeeper.common.X509UtilTest" time="0.205"/>
  <testcase name="testCRLEnabled{X509KeyType, X509KeyType, String, Integer}[4]" classname="org.apache.zookeeper.common.X509UtilTest" time="0.256"/>
  <testcase name="testCRLEnabled{X509KeyType, X509KeyType, String, Integer}[5]" classname="org.apache.zookeeper.common.X509UtilTest" time="0.249"/>
  <testcase name="testCRLEnabled{X509KeyType, X509KeyType, String, Integer}[6]" classname="org.apache.zookeeper.common.X509UtilTest" time="0.253"/>
  <testcase name="testCRLEnabled{X509KeyType, X509KeyType, String, Integer}[7]" classname="org.apache.zookeeper.common.X509UtilTest" time="0.273"/>
  <testcase name="testCRLEnabled{X509KeyType, X509KeyType, String, Integer}[8]" classname="org.apache.zookeeper.common.X509UtilTest" time="0.233"/>
  <testcase name="testCreateSSLContextWithoutKeyStoreLocation{X509KeyType, X509KeyType, String, Integer}[1]" classname="org.apache.zookeeper.common.X509UtilTest" time="0.119"/>
  <testcase name="testCreateSSLContextWithoutKeyStoreLocation{X509KeyType, X509KeyType, String, Integer}[2]" classname="org.apache.zookeeper.common.X509UtilTest" time="0.114"/>
  <testcase name="testCreateSSLContextWithoutKeyStoreLocation{X509KeyType, X509KeyType, String, Integer}[3]" classname="org.apache.zookeeper.common.X509UtilTest" time="0.055"/>
  <testcase name="testCreateSSLContextWithoutKeyStoreLocation{X509KeyType, X509KeyType, String, Integer}[4]" classname="org.apache.zookeeper.common.X509UtilTest" time="0.131"/>
  <testcase name="testCreateSSLContextWithoutKeyStoreLocation{X509KeyType, X509KeyType, String, Integer}[5]" classname="org.apache.zookeeper.common.X509UtilTest" time="0.087"/>
  <testcase name="testCreateSSLContextWithoutKeyStoreLocation{X509KeyType, X509KeyType, String, Integer}[6]" classname="org.apache.zookeeper.common.X509UtilTest" time="0.081"/>
  <testcase name="testCreateSSLContextWithoutKeyStoreLocation{X509KeyType, X509KeyType, String, Integer}[7]" classname="org.apache.zookeeper.common.X509UtilTest" time="0.134"/>
  <testcase name="testCreateSSLContextWithoutKeyStoreLocation{X509KeyType, X509KeyType, String, Integer}[8]" classname="org.apache.zookeeper.common.X509UtilTest" time="0.101"/>
  <testcase name="testLoadPKCS12KeyStore{X509KeyType, X509KeyType, String, Integer}[1]" classname="org.apache.zookeeper.common.X509UtilTest" time="0.227"/>
  <testcase name="testLoadPKCS12KeyStore{X509KeyType, X509KeyType, String, Integer}[2]" classname="org.apache.zookeeper.common.X509UtilTest" time="0.195"/>
  <testcase name="testLoadPKCS12KeyStore{X509KeyType, X509KeyType, String, Integer}[3]" classname="org.apache.zookeeper.common.X509UtilTest" time="0.233"/>
  <testcase name="testLoadPKCS12KeyStore{X509KeyType, X509KeyType, String, Integer}[4]" classname="org.apache.zookeeper.common.X509UtilTest" time="0.19"/>
  <testcase name="testLoadPKCS12KeyStore{X509KeyType, X509KeyType, String, Integer}[5]" classname="org.apache.zookeeper.common.X509UtilTest" time="0.251"/>
  <testcase name="testLoadPKCS12KeyStore{X509KeyType, X509KeyType, String, Integer}[6]" classname="org.apache.zookeeper.common.X509UtilTest" time="0.214"/>
  <testcase name="testLoadPKCS12KeyStore{X509KeyType, X509KeyType, String, Integer}[7]" classname="org.apache.zookeeper.common.X509UtilTest" time="0.259"/>
  <testcase name="testLoadPKCS12KeyStore{X509KeyType, X509KeyType, String, Integer}[8]" classname="org.apache.zookeeper.common.X509UtilTest" time="0.286"/>
  <testcase name="testLoadJKSTrustStoreWithWrongPassword{X509KeyType, X509KeyType, String, Integer}[1]" classname="org.apache.zookeeper.common.X509UtilTest" time="0.057"/>
  <testcase name="testLoadJKSTrustStoreWithWrongPassword{X509KeyType, X509KeyType, String, Integer}[2]" classname="org.apache.zookeeper.common.X509UtilTest" time="0.089"/>
  <testcase name="testLoadJKSTrustStoreWithWrongPassword{X509KeyType, X509KeyType, String, Integer}[3]" classname="org.apache.zookeeper.common.X509UtilTest" time="0.109"/>
  <testcase name="testLoadJKSTrustStoreWithWrongPassword{X509KeyType, X509KeyType, String, Integer}[4]" classname="org.apache.zookeeper.common.X509UtilTest" time="0.097"/>
  <testcase name="testLoadJKSTrustStoreWithWrongPassword{X509KeyType, X509KeyType, String, Integer}[5]" classname="org.apache.zookeeper.common.X509UtilTest" time="0.116"/>
  <testcase name="testLoadJKSTrustStoreWithWrongPassword{X509KeyType, X509KeyType, String, Integer}[6]" classname="org.apache.zookeeper.common.X509UtilTest" time="0.144"/>
  <testcase name="testLoadJKSTrustStoreWithWrongPassword{X509KeyType, X509KeyType, String, Integer}[7]" classname="org.apache.zookeeper.common.X509UtilTest" time="0.072"/>
  <testcase name="testLoadJKSTrustStoreWithWrongPassword{X509KeyType, X509KeyType, String, Integer}[8]" classname="org.apache.zookeeper.common.X509UtilTest" time="0.088"/>
  <testcase name="testLoadPKCS12TrustStoreAutodetectStoreFileType{X509KeyType, X509KeyType, String, Integer}[1]" classname="org.apache.zookeeper.common.X509UtilTest" time="0.087"/>
  <testcase name="testLoadPKCS12TrustStoreAutodetectStoreFileType{X509KeyType, X509KeyType, String, Integer}[2]" classname="org.apache.zookeeper.common.X509UtilTest" time="0.094"/>
  <testcase name="testLoadPKCS12TrustStoreAutodetectStoreFileType{X509KeyType, X509KeyType, String, Integer}[3]" classname="org.apache.zookeeper.common.X509UtilTest" time="0.095"/>
  <testcase name="testLoadPKCS12TrustStoreAutodetectStoreFileType{X509KeyType, X509KeyType, String, Integer}[4]" classname="org.apache.zookeeper.common.X509UtilTest" time="0.071"/>
  <testcase name="testLoadPKCS12TrustStoreAutodetectStoreFileType{X509KeyType, X509KeyType, String, Integer}[5]" classname="org.apache.zookeeper.common.X509UtilTest" time="0.074"/>
  <testcase name="testLoadPKCS12TrustStoreAutodetectStoreFileType{X509KeyType, X509KeyType, String, Integer}[6]" classname="org.apache.zookeeper.common.X509UtilTest" time="0.085"/>
  <testcase name="testLoadPKCS12TrustStoreAutodetectStoreFileType{X509KeyType, X509KeyType, String, Integer}[7]" classname="org.apache.zookeeper.common.X509UtilTest" time="0.078"/>
  <testcase name="testLoadPKCS12TrustStoreAutodetectStoreFileType{X509KeyType, X509KeyType, String, Integer}[8]" classname="org.apache.zookeeper.common.X509UtilTest" time="0.131"/>
  <testcase name="testCreateSSLServerSocketWithPort{X509KeyType, X509KeyType, String, Integer}[1]" classname="org.apache.zookeeper.common.X509UtilTest" time="0.147"/>
  <testcase name="testCreateSSLServerSocketWithPort{X509KeyType, X509KeyType, String, Integer}[2]" classname="org.apache.zookeeper.common.X509UtilTest" time="0.117"/>
  <testcase name="testCreateSSLServerSocketWithPort{X509KeyType, X509KeyType, String, Integer}[3]" classname="org.apache.zookeeper.common.X509UtilTest" time="0.099"/>
  <testcase name="testCreateSSLServerSocketWithPort{X509KeyType, X509KeyType, String, Integer}[4]" classname="org.apache.zookeeper.common.X509UtilTest" time="0.11"/>
  <testcase name="testCreateSSLServerSocketWithPort{X509KeyType, X509KeyType, String, Integer}[5]" classname="org.apache.zookeeper.common.X509UtilTest" time="0.147"/>
  <testcase name="testCreateSSLServerSocketWithPort{X509KeyType, X509KeyType, String, Integer}[6]" classname="org.apache.zookeeper.common.X509UtilTest" time="0.083"/>
  <testcase name="testCreateSSLServerSocketWithPort{X509KeyType, X509KeyType, String, Integer}[7]" classname="org.apache.zookeeper.common.X509UtilTest" time="0.09"/>
  <testcase name="testCreateSSLServerSocketWithPort{X509KeyType, X509KeyType, String, Integer}[8]" classname="org.apache.zookeeper.common.X509UtilTest" time="0.104"/>
  <testcase name="testCreateSSLContextWithCustomCipherSuites{X509KeyType, X509KeyType, String, Integer}[1]" classname="org.apache.zookeeper.common.X509UtilTest" time="0.174"/>
  <testcase name="testCreateSSLContextWithCustomCipherSuites{X509KeyType, X509KeyType, String, Integer}[2]" classname="org.apache.zookeeper.common.X509UtilTest" time="0.125"/>
  <testcase name="testCreateSSLContextWithCustomCipherSuites{X509KeyType, X509KeyType, String, Integer}[3]" classname="org.apache.zookeeper.common.X509UtilTest" time="0.138"/>
  <testcase name="testCreateSSLContextWithCustomCipherSuites{X509KeyType, X509KeyType, String, Integer}[4]" classname="org.apache.zookeeper.common.X509UtilTest" time="0.16"/>
  <testcase name="testCreateSSLContextWithCustomCipherSuites{X509KeyType, X509KeyType, String, Integer}[5]" classname="org.apache.zookeeper.common.X509UtilTest" time="0.168"/>
  <testcase name="testCreateSSLContextWithCustomCipherSuites{X509KeyType, X509KeyType, String, Integer}[6]" classname="org.apache.zookeeper.common.X509UtilTest" time="0.266"/>
  <testcase name="testCreateSSLContextWithCustomCipherSuites{X509KeyType, X509KeyType, String, Integer}[7]" classname="org.apache.zookeeper.common.X509UtilTest" time="0.181"/>
  <testcase name="testCreateSSLContextWithCustomCipherSuites{X509KeyType, X509KeyType, String, Integer}[8]" classname="org.apache.zookeeper.common.X509UtilTest" time="0.127"/>
  <testcase name="testCRLDisabled{X509KeyType, X509KeyType, String, Integer}[1]" classname="org.apache.zookeeper.common.X509UtilTest" time="0.129"/>
  <testcase name="testCRLDisabled{X509KeyType, X509KeyType, String, Integer}[2]" classname="org.apache.zookeeper.common.X509UtilTest" time="0.138"/>
  <testcase name="testCRLDisabled{X509KeyType, X509KeyType, String, Integer}[3]" classname="org.apache.zookeeper.common.X509UtilTest" time="0.114"/>
  <testcase name="testCRLDisabled{X509KeyType, X509KeyType, String, Integer}[4]" classname="org.apache.zookeeper.common.X509UtilTest" time="0.112"/>
  <testcase name="testCRLDisabled{X509KeyType, X509KeyType, String, Integer}[5]" classname="org.apache.zookeeper.common.X509UtilTest" time="0.178"/>
  <testcase name="testCRLDisabled{X509KeyType, X509KeyType, String, Integer}[6]" classname="org.apache.zookeeper.common.X509UtilTest" time="0.173"/>
  <testcase name="testCRLDisabled{X509KeyType, X509KeyType, String, Integer}[7]" classname="org.apache.zookeeper.common.X509UtilTest" time="0.082"/>
  <testcase name="testCRLDisabled{X509KeyType, X509KeyType, String, Integer}[8]" classname="org.apache.zookeeper.common.X509UtilTest" time="0.059"/>
  <testcase name="testCreateSSLContext_invalidCustomSSLContextClass{X509KeyType, X509KeyType, String, Integer}[1]" classname="org.apache.zookeeper.common.X509UtilTest" time="0.007"/>
  <testcase name="testCreateSSLContext_invalidCustomSSLContextClass{X509KeyType, X509KeyType, String, Integer}[2]" classname="org.apache.zookeeper.common.X509UtilTest" time="0.002"/>
  <testcase name="testCreateSSLContext_invalidCustomSSLContextClass{X509KeyType, X509KeyType, String, Integer}[3]" classname="org.apache.zookeeper.common.X509UtilTest" time="0.002"/>
  <testcase name="testCreateSSLContext_invalidCustomSSLContextClass{X509KeyType, X509KeyType, String, Integer}[4]" classname="org.apache.zookeeper.common.X509UtilTest" time="0.002"/>
  <testcase name="testCreateSSLContext_invalidCustomSSLContextClass{X509KeyType, X509KeyType, String, Integer}[5]" classname="org.apache.zookeeper.common.X509UtilTest" time="0.005"/>
  <testcase name="testCreateSSLContext_invalidCustomSSLContextClass{X509KeyType, X509KeyType, String, Integer}[6]" classname="org.apache.zookeeper.common.X509UtilTest" time="0.006"/>
  <testcase name="testCreateSSLContext_invalidCustomSSLContextClass{X509KeyType, X509KeyType, String, Integer}[7]" classname="org.apache.zookeeper.common.X509UtilTest" time="0.004"/>
  <testcase name="testCreateSSLContext_invalidCustomSSLContextClass{X509KeyType, X509KeyType, String, Integer}[8]" classname="org.apache.zookeeper.common.X509UtilTest" time="0.071"/>
  <testcase name="testCreateSSLContext_withWrongTrustStorePasswordFromFile{X509KeyType, X509KeyType, String, Integer}[1]" classname="org.apache.zookeeper.common.X509UtilTest" time="0.28"/>
  <testcase name="testCreateSSLContext_withWrongTrustStorePasswordFromFile{X509KeyType, X509KeyType, String, Integer}[2]" classname="org.apache.zookeeper.common.X509UtilTest" time="0.162"/>
  <testcase name="testCreateSSLContext_withWrongTrustStorePasswordFromFile{X509KeyType, X509KeyType, String, Integer}[3]" classname="org.apache.zookeeper.common.X509UtilTest" time="0.18"/>
  <testcase name="testCreateSSLContext_withWrongTrustStorePasswordFromFile{X509KeyType, X509KeyType, String, Integer}[4]" classname="org.apache.zookeeper.common.X509UtilTest" time="0.156"/>
  <testcase name="testCreateSSLContext_withWrongTrustStorePasswordFromFile{X509KeyType, X509KeyType, String, Integer}[5]" classname="org.apache.zookeeper.common.X509UtilTest" time="0.22"/>
  <testcase name="testCreateSSLContext_withWrongTrustStorePasswordFromFile{X509KeyType, X509KeyType, String, Integer}[6]" classname="org.apache.zookeeper.common.X509UtilTest" time="0.253"/>
  <testcase name="testCreateSSLContext_withWrongTrustStorePasswordFromFile{X509KeyType, X509KeyType, String, Integer}[7]" classname="org.apache.zookeeper.common.X509UtilTest" time="0.255"/>
  <testcase name="testCreateSSLContext_withWrongTrustStorePasswordFromFile{X509KeyType, X509KeyType, String, Integer}[8]" classname="org.apache.zookeeper.common.X509UtilTest" time="0.174"/>
  <testcase name="testCreateSSLContextWithoutCustomProtocol{X509KeyType, X509KeyType, String, Integer}[1]" classname="org.apache.zookeeper.common.X509UtilTest" time="0.232"/>
  <testcase name="testCreateSSLContextWithoutCustomProtocol{X509KeyType, X509KeyType, String, Integer}[2]" classname="org.apache.zookeeper.common.X509UtilTest" time="0.22"/>
  <testcase name="testCreateSSLContextWithoutCustomProtocol{X509KeyType, X509KeyType, String, Integer}[3]" classname="org.apache.zookeeper.common.X509UtilTest" time="0.208"/>
  <testcase name="testCreateSSLContextWithoutCustomProtocol{X509KeyType, X509KeyType, String, Integer}[4]" classname="org.apache.zookeeper.common.X509UtilTest" time="0.155"/>
  <testcase name="testCreateSSLContextWithoutCustomProtocol{X509KeyType, X509KeyType, String, Integer}[5]" classname="org.apache.zookeeper.common.X509UtilTest" time="0.266"/>
  <testcase name="testCreateSSLContextWithoutCustomProtocol{X509KeyType, X509KeyType, String, Integer}[6]" classname="org.apache.zookeeper.common.X509UtilTest" time="0.199"/>
  <testcase name="testCreateSSLContextWithoutCustomProtocol{X509KeyType, X509KeyType, String, Integer}[7]" classname="org.apache.zookeeper.common.X509UtilTest" time="0.161"/>
  <testcase name="testCreateSSLContextWithoutCustomProtocol{X509KeyType, X509KeyType, String, Integer}[8]" classname="org.apache.zookeeper.common.X509UtilTest" time="0.213"/>
  <testcase name="testOCSPEnabled{X509KeyType, X509KeyType, String, Integer}[1]" classname="org.apache.zookeeper.common.X509UtilTest" time="0.148"/>
  <testcase name="testOCSPEnabled{X509KeyType, X509KeyType, String, Integer}[2]" classname="org.apache.zookeeper.common.X509UtilTest" time="0.225"/>
  <testcase name="testOCSPEnabled{X509KeyType, X509KeyType, String, Integer}[3]" classname="org.apache.zookeeper.common.X509UtilTest" time="0.171"/>
  <testcase name="testOCSPEnabled{X509KeyType, X509KeyType, String, Integer}[4]" classname="org.apache.zookeeper.common.X509UtilTest" time="0.176"/>
  <testcase name="testOCSPEnabled{X509KeyType, X509KeyType, String, Integer}[5]" classname="org.apache.zookeeper.common.X509UtilTest" time="0.201"/>
  <testcase name="testOCSPEnabled{X509KeyType, X509KeyType, String, Integer}[6]" classname="org.apache.zookeeper.common.X509UtilTest" time="0.24"/>
  <testcase name="testOCSPEnabled{X509KeyType, X509KeyType, String, Integer}[7]" classname="org.apache.zookeeper.common.X509UtilTest" time="0.136"/>
  <testcase name="testOCSPEnabled{X509KeyType, X509KeyType, String, Integer}[8]" classname="org.apache.zookeeper.common.X509UtilTest" time="0.168"/>
  <testcase name="testGetDefaultCipherSuitesJava8{X509KeyType, X509KeyType, String, Integer}[1]" classname="org.apache.zookeeper.common.X509UtilTest" time="0.004"/>
  <testcase name="testGetDefaultCipherSuitesJava8{X509KeyType, X509KeyType, String, Integer}[2]" classname="org.apache.zookeeper.common.X509UtilTest" time="0.002"/>
  <testcase name="testGetDefaultCipherSuitesJava8{X509KeyType, X509KeyType, String, Integer}[3]" classname="org.apache.zookeeper.common.X509UtilTest" time="0.012"/>
  <testcase name="testGetDefaultCipherSuitesJava8{X509KeyType, X509KeyType, String, Integer}[4]" classname="org.apache.zookeeper.common.X509UtilTest" time="0.002"/>
  <testcase name="testGetDefaultCipherSuitesJava8{X509KeyType, X509KeyType, String, Integer}[5]" classname="org.apache.zookeeper.common.X509UtilTest" time="0.003"/>
  <testcase name="testGetDefaultCipherSuitesJava8{X509KeyType, X509KeyType, String, Integer}[6]" classname="org.apache.zookeeper.common.X509UtilTest" time="0.002"/>
  <testcase name="testGetDefaultCipherSuitesJava8{X509KeyType, X509KeyType, String, Integer}[7]" classname="org.apache.zookeeper.common.X509UtilTest" time="0.012"/>
  <testcase name="testGetDefaultCipherSuitesJava8{X509KeyType, X509KeyType, String, Integer}[8]" classname="org.apache.zookeeper.common.X509UtilTest" time="0.003"/>
  <testcase name="testGetDefaultCipherSuitesJava9{X509KeyType, X509KeyType, String, Integer}[1]" classname="org.apache.zookeeper.common.X509UtilTest" time="0.005"/>
  <testcase name="testGetDefaultCipherSuitesJava9{X509KeyType, X509KeyType, String, Integer}[2]" classname="org.apache.zookeeper.common.X509UtilTest" time="0.002"/>
  <testcase name="testGetDefaultCipherSuitesJava9{X509KeyType, X509KeyType, String, Integer}[3]" classname="org.apache.zookeeper.common.X509UtilTest" time="0.002"/>
  <testcase name="testGetDefaultCipherSuitesJava9{X509KeyType, X509KeyType, String, Integer}[4]" classname="org.apache.zookeeper.common.X509UtilTest" time="0.005"/>
  <testcase name="testGetDefaultCipherSuitesJava9{X509KeyType, X509KeyType, String, Integer}[5]" classname="org.apache.zookeeper.common.X509UtilTest" time="0.006"/>
  <testcase name="testGetDefaultCipherSuitesJava9{X509KeyType, X509KeyType, String, Integer}[6]" classname="org.apache.zookeeper.common.X509UtilTest" time="0.006"/>
  <testcase name="testGetDefaultCipherSuitesJava9{X509KeyType, X509KeyType, String, Integer}[7]" classname="org.apache.zookeeper.common.X509UtilTest" time="0.002"/>
  <testcase name="testGetDefaultCipherSuitesJava9{X509KeyType, X509KeyType, String, Integer}[8]" classname="org.apache.zookeeper.common.X509UtilTest" time="0.005"/>
  <testcase name="testLoadJKSKeyStoreNullPassword{X509KeyType, X509KeyType, String, Integer}[1]" classname="org.apache.zookeeper.common.X509UtilTest" time="0.057"/>
  <testcase name="testLoadJKSKeyStoreNullPassword{X509KeyType, X509KeyType, String, Integer}[2]" classname="org.apache.zookeeper.common.X509UtilTest" time="0.002"/>
  <testcase name="testLoadJKSKeyStoreNullPassword{X509KeyType, X509KeyType, String, Integer}[3]" classname="org.apache.zookeeper.common.X509UtilTest" time="0.057"/>
  <testcase name="testLoadJKSKeyStoreNullPassword{X509KeyType, X509KeyType, String, Integer}[4]" classname="org.apache.zookeeper.common.X509UtilTest" time="0.003"/>
  <testcase name="testLoadJKSKeyStoreNullPassword{X509KeyType, X509KeyType, String, Integer}[5]" classname="org.apache.zookeeper.common.X509UtilTest" time="0.138"/>
  <testcase name="testLoadJKSKeyStoreNullPassword{X509KeyType, X509KeyType, String, Integer}[6]" classname="org.apache.zookeeper.common.X509UtilTest" time="0.004"/>
  <testcase name="testLoadJKSKeyStoreNullPassword{X509KeyType, X509KeyType, String, Integer}[7]" classname="org.apache.zookeeper.common.X509UtilTest" time="0.045"/>
  <testcase name="testLoadJKSKeyStoreNullPassword{X509KeyType, X509KeyType, String, Integer}[8]" classname="org.apache.zookeeper.common.X509UtilTest" time="0.004"/>
  <testcase name="testLoadJKSKeyStoreAutodetectStoreFileType{X509KeyType, X509KeyType, String, Integer}[1]" classname="org.apache.zookeeper.common.X509UtilTest" time="0.12"/>
  <testcase name="testLoadJKSKeyStoreAutodetectStoreFileType{X509KeyType, X509KeyType, String, Integer}[2]" classname="org.apache.zookeeper.common.X509UtilTest" time="0.108"/>
  <testcase name="testLoadJKSKeyStoreAutodetectStoreFileType{X509KeyType, X509KeyType, String, Integer}[3]" classname="org.apache.zookeeper.common.X509UtilTest" time="0.084"/>
  <testcase name="testLoadJKSKeyStoreAutodetectStoreFileType{X509KeyType, X509KeyType, String, Integer}[4]" classname="org.apache.zookeeper.common.X509UtilTest" time="0.146"/>
  <testcase name="testLoadJKSKeyStoreAutodetectStoreFileType{X509KeyType, X509KeyType, String, Integer}[5]" classname="org.apache.zookeeper.common.X509UtilTest" time="0.109"/>
  <testcase name="testLoadJKSKeyStoreAutodetectStoreFileType{X509KeyType, X509KeyType, String, Integer}[6]" classname="org.apache.zookeeper.common.X509UtilTest" time="0.102"/>
  <testcase name="testLoadJKSKeyStoreAutodetectStoreFileType{X509KeyType, X509KeyType, String, Integer}[7]" classname="org.apache.zookeeper.common.X509UtilTest" time="0.045"/>
  <testcase name="testLoadJKSKeyStoreAutodetectStoreFileType{X509KeyType, X509KeyType, String, Integer}[8]" classname="org.apache.zookeeper.common.X509UtilTest" time="0.077"/>
  <testcase name="testCreateSSLContext_validCustomSSLContextClass{X509KeyType, X509KeyType, String, Integer}[1]" classname="org.apache.zookeeper.common.X509UtilTest" time="0.068"/>
  <testcase name="testCreateSSLContext_validCustomSSLContextClass{X509KeyType, X509KeyType, String, Integer}[2]" classname="org.apache.zookeeper.common.X509UtilTest" time="0.004"/>
  <testcase name="testCreateSSLContext_validCustomSSLContextClass{X509KeyType, X509KeyType, String, Integer}[3]" classname="org.apache.zookeeper.common.X509UtilTest" time="0.002"/>
  <testcase name="testCreateSSLContext_validCustomSSLContextClass{X509KeyType, X509KeyType, String, Integer}[4]" classname="org.apache.zookeeper.common.X509UtilTest" time="0.099"/>
  <testcase name="testCreateSSLContext_validCustomSSLContextClass{X509KeyType, X509KeyType, String, Integer}[5]" classname="org.apache.zookeeper.common.X509UtilTest" time="0.004"/>
  <testcase name="testCreateSSLContext_validCustomSSLContextClass{X509KeyType, X509KeyType, String, Integer}[6]" classname="org.apache.zookeeper.common.X509UtilTest" time="0.005"/>
  <testcase name="testCreateSSLContext_validCustomSSLContextClass{X509KeyType, X509KeyType, String, Integer}[7]" classname="org.apache.zookeeper.common.X509UtilTest" time="0.003"/>
  <testcase name="testCreateSSLContext_validCustomSSLContextClass{X509KeyType, X509KeyType, String, Integer}[8]" classname="org.apache.zookeeper.common.X509UtilTest" time="0.012"/>
  <testcase name="testLoadPEMTrustStoreAutodetectStoreFileType{X509KeyType, X509KeyType, String, Integer}[1]" classname="org.apache.zookeeper.common.X509UtilTest" time="0.008"/>
  <testcase name="testLoadPEMTrustStoreAutodetectStoreFileType{X509KeyType, X509KeyType, String, Integer}[2]" classname="org.apache.zookeeper.common.X509UtilTest" time="0.018"/>
  <testcase name="testLoadPEMTrustStoreAutodetectStoreFileType{X509KeyType, X509KeyType, String, Integer}[3]" classname="org.apache.zookeeper.common.X509UtilTest" time="0.006"/>
  <testcase name="testLoadPEMTrustStoreAutodetectStoreFileType{X509KeyType, X509KeyType, String, Integer}[4]" classname="org.apache.zookeeper.common.X509UtilTest" time="0.015"/>
  <testcase name="testLoadPEMTrustStoreAutodetectStoreFileType{X509KeyType, X509KeyType, String, Integer}[5]" classname="org.apache.zookeeper.common.X509UtilTest" time="0.004"/>
  <testcase name="testLoadPEMTrustStoreAutodetectStoreFileType{X509KeyType, X509KeyType, String, Integer}[6]" classname="org.apache.zookeeper.common.X509UtilTest" time="0.009"/>
  <testcase name="testLoadPEMTrustStoreAutodetectStoreFileType{X509KeyType, X509KeyType, String, Integer}[7]" classname="org.apache.zookeeper.common.X509UtilTest" time="0.004"/>
  <testcase name="testLoadPEMTrustStoreAutodetectStoreFileType{X509KeyType, X509KeyType, String, Integer}[8]" classname="org.apache.zookeeper.common.X509UtilTest" time="0.006"/>
  <testcase name="testLoadJKSKeyStore{X509KeyType, X509KeyType, String, Integer}[1]" classname="org.apache.zookeeper.common.X509UtilTest" time="0.149"/>
  <testcase name="testLoadJKSKeyStore{X509KeyType, X509KeyType, String, Integer}[2]" classname="org.apache.zookeeper.common.X509UtilTest" time="0.084"/>
  <testcase name="testLoadJKSKeyStore{X509KeyType, X509KeyType, String, Integer}[3]" classname="org.apache.zookeeper.common.X509UtilTest" time="0.095"/>
  <testcase name="testLoadJKSKeyStore{X509KeyType, X509KeyType, String, Integer}[4]" classname="org.apache.zookeeper.common.X509UtilTest" time="0.081"/>
  <testcase name="testLoadJKSKeyStore{X509KeyType, X509KeyType, String, Integer}[5]" classname="org.apache.zookeeper.common.X509UtilTest" time="0.068"/>
  <testcase name="testLoadJKSKeyStore{X509KeyType, X509KeyType, String, Integer}[6]" classname="org.apache.zookeeper.common.X509UtilTest" time="0.157"/>
  <testcase name="testLoadJKSKeyStore{X509KeyType, X509KeyType, String, Integer}[7]" classname="org.apache.zookeeper.common.X509UtilTest" time="0.077"/>
  <testcase name="testLoadJKSKeyStore{X509KeyType, X509KeyType, String, Integer}[8]" classname="org.apache.zookeeper.common.X509UtilTest" time="0.114"/>
  <testcase name="testCreateSSLContext_withKeyStorePasswordFromFile{X509KeyType, X509KeyType, String, Integer}[1]" classname="org.apache.zookeeper.common.X509UtilTest" time="0.338"/>
  <testcase name="testCreateSSLContext_withKeyStorePasswordFromFile{X509KeyType, X509KeyType, String, Integer}[2]" classname="org.apache.zookeeper.common.X509UtilTest" time="0.211"/>
  <testcase name="testCreateSSLContext_withKeyStorePasswordFromFile{X509KeyType, X509KeyType, String, Integer}[3]" classname="org.apache.zookeeper.common.X509UtilTest" time="0.271"/>
  <testcase name="testCreateSSLContext_withKeyStorePasswordFromFile{X509KeyType, X509KeyType, String, Integer}[4]" classname="org.apache.zookeeper.common.X509UtilTest" time="0.174"/>
  <testcase name="testCreateSSLContext_withKeyStorePasswordFromFile{X509KeyType, X509KeyType, String, Integer}[5]" classname="org.apache.zookeeper.common.X509UtilTest" time="0.148"/>
  <testcase name="testCreateSSLContext_withKeyStorePasswordFromFile{X509KeyType, X509KeyType, String, Integer}[6]" classname="org.apache.zookeeper.common.X509UtilTest" time="0.192"/>
  <testcase name="testCreateSSLContext_withKeyStorePasswordFromFile{X509KeyType, X509KeyType, String, Integer}[7]" classname="org.apache.zookeeper.common.X509UtilTest" time="0.135"/>
  <testcase name="testCreateSSLContext_withKeyStorePasswordFromFile{X509KeyType, X509KeyType, String, Integer}[8]" classname="org.apache.zookeeper.common.X509UtilTest" time="0.185"/>
  <testcase name="testLoadJKSTrustStoreNullPassword{X509KeyType, X509KeyType, String, Integer}[1]" classname="org.apache.zookeeper.common.X509UtilTest" time="0.107"/>
  <testcase name="testLoadJKSTrustStoreNullPassword{X509KeyType, X509KeyType, String, Integer}[2]" classname="org.apache.zookeeper.common.X509UtilTest" time="0.002"/>
  <testcase name="testLoadJKSTrustStoreNullPassword{X509KeyType, X509KeyType, String, Integer}[3]" classname="org.apache.zookeeper.common.X509UtilTest" time="0.067"/>
  <testcase name="testLoadJKSTrustStoreNullPassword{X509KeyType, X509KeyType, String, Integer}[4]" classname="org.apache.zookeeper.common.X509UtilTest" time="0.006"/>
  <testcase name="testLoadJKSTrustStoreNullPassword{X509KeyType, X509KeyType, String, Integer}[5]" classname="org.apache.zookeeper.common.X509UtilTest" time="0.048"/>
  <testcase name="testLoadJKSTrustStoreNullPassword{X509KeyType, X509KeyType, String, Integer}[6]" classname="org.apache.zookeeper.common.X509UtilTest" time="0.001"/>
  <testcase name="testLoadJKSTrustStoreNullPassword{X509KeyType, X509KeyType, String, Integer}[7]" classname="org.apache.zookeeper.common.X509UtilTest" time="0.111"/>
  <testcase name="testLoadJKSTrustStoreNullPassword{X509KeyType, X509KeyType, String, Integer}[8]" classname="org.apache.zookeeper.common.X509UtilTest" time="0.004"/>
  <testcase name="testLoadJKSTrustStoreAutodetectStoreFileType{X509KeyType, X509KeyType, String, Integer}[1]" classname="org.apache.zookeeper.common.X509UtilTest" time="0.071"/>
  <testcase name="testLoadJKSTrustStoreAutodetectStoreFileType{X509KeyType, X509KeyType, String, Integer}[2]" classname="org.apache.zookeeper.common.X509UtilTest" time="0.096"/>
  <testcase name="testLoadJKSTrustStoreAutodetectStoreFileType{X509KeyType, X509KeyType, String, Integer}[3]" classname="org.apache.zookeeper.common.X509UtilTest" time="0.074"/>
  <testcase name="testLoadJKSTrustStoreAutodetectStoreFileType{X509KeyType, X509KeyType, String, Integer}[4]" classname="org.apache.zookeeper.common.X509UtilTest" time="0.132"/>
  <testcase name="testLoadJKSTrustStoreAutodetectStoreFileType{X509KeyType, X509KeyType, String, Integer}[5]" classname="org.apache.zookeeper.common.X509UtilTest" time="0.087"/>
  <testcase name="testLoadJKSTrustStoreAutodetectStoreFileType{X509KeyType, X509KeyType, String, Integer}[6]" classname="org.apache.zookeeper.common.X509UtilTest" time="0.096"/>
  <testcase name="testLoadJKSTrustStoreAutodetectStoreFileType{X509KeyType, X509KeyType, String, Integer}[7]" classname="org.apache.zookeeper.common.X509UtilTest" time="0.203"/>
  <testcase name="testLoadJKSTrustStoreAutodetectStoreFileType{X509KeyType, X509KeyType, String, Integer}[8]" classname="org.apache.zookeeper.common.X509UtilTest" time="0.124"/>
  <testcase name="testCreateSSLContextWithCustomProtocol{X509KeyType, X509KeyType, String, Integer}[1]" classname="org.apache.zookeeper.common.X509UtilTest" time="0.194"/>
  <testcase name="testCreateSSLContextWithCustomProtocol{X509KeyType, X509KeyType, String, Integer}[2]" classname="org.apache.zookeeper.common.X509UtilTest" time="0.08"/>
  <testcase name="testCreateSSLContextWithCustomProtocol{X509KeyType, X509KeyType, String, Integer}[3]" classname="org.apache.zookeeper.common.X509UtilTest" time="0.06"/>
  <testcase name="testCreateSSLContextWithCustomProtocol{X509KeyType, X509KeyType, String, Integer}[4]" classname="org.apache.zookeeper.common.X509UtilTest" time="0.043"/>
  <testcase name="testCreateSSLContextWithCustomProtocol{X509KeyType, X509KeyType, String, Integer}[5]" classname="org.apache.zookeeper.common.X509UtilTest" time="0.149"/>
  <testcase name="testCreateSSLContextWithCustomProtocol{X509KeyType, X509KeyType, String, Integer}[6]" classname="org.apache.zookeeper.common.X509UtilTest" time="0.126"/>
  <testcase name="testCreateSSLContextWithCustomProtocol{X509KeyType, X509KeyType, String, Integer}[7]" classname="org.apache.zookeeper.common.X509UtilTest" time="0.187"/>
  <testcase name="testCreateSSLContextWithCustomProtocol{X509KeyType, X509KeyType, String, Integer}[8]" classname="org.apache.zookeeper.common.X509UtilTest" time="0.08"/>
  <testcase name="testLoadJKSKeyStoreWithWrongPassword{X509KeyType, X509KeyType, String, Integer}[1]" classname="org.apache.zookeeper.common.X509UtilTest" time="0.107"/>
  <testcase name="testLoadJKSKeyStoreWithWrongPassword{X509KeyType, X509KeyType, String, Integer}[2]" classname="org.apache.zookeeper.common.X509UtilTest" time="0.168"/>
  <testcase name="testLoadJKSKeyStoreWithWrongPassword{X509KeyType, X509KeyType, String, Integer}[3]" classname="org.apache.zookeeper.common.X509UtilTest" time="0.067"/>
  <testcase name="testLoadJKSKeyStoreWithWrongPassword{X509KeyType, X509KeyType, String, Integer}[4]" classname="org.apache.zookeeper.common.X509UtilTest" time="0.069"/>
  <testcase name="testLoadJKSKeyStoreWithWrongPassword{X509KeyType, X509KeyType, String, Integer}[5]" classname="org.apache.zookeeper.common.X509UtilTest" time="0.105"/>
  <testcase name="testLoadJKSKeyStoreWithWrongPassword{X509KeyType, X509KeyType, String, Integer}[6]" classname="org.apache.zookeeper.common.X509UtilTest" time="0.031"/>
  <testcase name="testLoadJKSKeyStoreWithWrongPassword{X509KeyType, X509KeyType, String, Integer}[7]" classname="org.apache.zookeeper.common.X509UtilTest" time="0.096"/>
  <testcase name="testLoadJKSKeyStoreWithWrongPassword{X509KeyType, X509KeyType, String, Integer}[8]" classname="org.apache.zookeeper.common.X509UtilTest" time="0.049"/>
  <testcase name="testLoadPKCS12TrustStoreNullPassword{X509KeyType, X509KeyType, String, Integer}[1]" classname="org.apache.zookeeper.common.X509UtilTest" time="0.061"/>
  <testcase name="testLoadPKCS12TrustStoreNullPassword{X509KeyType, X509KeyType, String, Integer}[2]" classname="org.apache.zookeeper.common.X509UtilTest" time="0.015"/>
  <testcase name="testLoadPKCS12TrustStoreNullPassword{X509KeyType, X509KeyType, String, Integer}[3]" classname="org.apache.zookeeper.common.X509UtilTest" time="0.069"/>
  <testcase name="testLoadPKCS12TrustStoreNullPassword{X509KeyType, X509KeyType, String, Integer}[4]" classname="org.apache.zookeeper.common.X509UtilTest" time="0.012"/>
  <testcase name="testLoadPKCS12TrustStoreNullPassword{X509KeyType, X509KeyType, String, Integer}[5]" classname="org.apache.zookeeper.common.X509UtilTest" time="0.064"/>
  <testcase name="testLoadPKCS12TrustStoreNullPassword{X509KeyType, X509KeyType, String, Integer}[6]" classname="org.apache.zookeeper.common.X509UtilTest" time="0.003"/>
  <testcase name="testLoadPKCS12TrustStoreNullPassword{X509KeyType, X509KeyType, String, Integer}[7]" classname="org.apache.zookeeper.common.X509UtilTest" time="0.053"/>
  <testcase name="testLoadPKCS12TrustStoreNullPassword{X509KeyType, X509KeyType, String, Integer}[8]" classname="org.apache.zookeeper.common.X509UtilTest" time="0.001"/>
  <testcase name="testGetDefaultCipherSuitesUnknownVersion{X509KeyType, X509KeyType, String, Integer}[1]" classname="org.apache.zookeeper.common.X509UtilTest" time="0.003"/>
  <testcase name="testGetDefaultCipherSuitesUnknownVersion{X509KeyType, X509KeyType, String, Integer}[2]" classname="org.apache.zookeeper.common.X509UtilTest" time="0.002"/>
  <testcase name="testGetDefaultCipherSuitesUnknownVersion{X509KeyType, X509KeyType, String, Integer}[3]" classname="org.apache.zookeeper.common.X509UtilTest" time="0.002"/>
  <testcase name="testGetDefaultCipherSuitesUnknownVersion{X509KeyType, X509KeyType, String, Integer}[4]" classname="org.apache.zookeeper.common.X509UtilTest" time="0.002"/>
  <testcase name="testGetDefaultCipherSuitesUnknownVersion{X509KeyType, X509KeyType, String, Integer}[5]" classname="org.apache.zookeeper.common.X509UtilTest" time="0.002"/>
  <testcase name="testGetDefaultCipherSuitesUnknownVersion{X509KeyType, X509KeyType, String, Integer}[6]" classname="org.apache.zookeeper.common.X509UtilTest" time="0.002"/>
  <testcase name="testGetDefaultCipherSuitesUnknownVersion{X509KeyType, X509KeyType, String, Integer}[7]" classname="org.apache.zookeeper.common.X509UtilTest" time="0.004"/>
  <testcase name="testGetDefaultCipherSuitesUnknownVersion{X509KeyType, X509KeyType, String, Integer}[8]" classname="org.apache.zookeeper.common.X509UtilTest" time="0.012"/>
  <testcase name="testGetSslHandshakeDetectionTimeoutMillisProperty{X509KeyType, X509KeyType, String, Integer}[1]" classname="org.apache.zookeeper.common.X509UtilTest" time="0.499"/>
  <testcase name="testGetSslHandshakeDetectionTimeoutMillisProperty{X509KeyType, X509KeyType, String, Integer}[2]" classname="org.apache.zookeeper.common.X509UtilTest" time="0.517"/>
  <testcase name="testGetSslHandshakeDetectionTimeoutMillisProperty{X509KeyType, X509KeyType, String, Integer}[3]" classname="org.apache.zookeeper.common.X509UtilTest" time="0.401"/>
  <testcase name="testGetSslHandshakeDetectionTimeoutMillisProperty{X509KeyType, X509KeyType, String, Integer}[4]" classname="org.apache.zookeeper.common.X509UtilTest" time="0.724"/>
  <testcase name="testGetSslHandshakeDetectionTimeoutMillisProperty{X509KeyType, X509KeyType, String, Integer}[5]" classname="org.apache.zookeeper.common.X509UtilTest" time="0.669"/>
  <testcase name="testGetSslHandshakeDetectionTimeoutMillisProperty{X509KeyType, X509KeyType, String, Integer}[6]" classname="org.apache.zookeeper.common.X509UtilTest" time="0.47"/>
  <testcase name="testGetSslHandshakeDetectionTimeoutMillisProperty{X509KeyType, X509KeyType, String, Integer}[7]" classname="org.apache.zookeeper.common.X509UtilTest" time="0.385"/>
  <testcase name="testGetSslHandshakeDetectionTimeoutMillisProperty{X509KeyType, X509KeyType, String, Integer}[8]" classname="org.apache.zookeeper.common.X509UtilTest" time="0.398"/>
  <testcase name="testLoadPKCS12KeyStoreAutodetectStoreFileType{X509KeyType, X509KeyType, String, Integer}[1]" classname="org.apache.zookeeper.common.X509UtilTest" time="0.039"/>
  <testcase name="testLoadPKCS12KeyStoreAutodetectStoreFileType{X509KeyType, X509KeyType, String, Integer}[2]" classname="org.apache.zookeeper.common.X509UtilTest" time="0.028"/>
  <testcase name="testLoadPKCS12KeyStoreAutodetectStoreFileType{X509KeyType, X509KeyType, String, Integer}[3]" classname="org.apache.zookeeper.common.X509UtilTest" time="0.037"/>
  <testcase name="testLoadPKCS12KeyStoreAutodetectStoreFileType{X509KeyType, X509KeyType, String, Integer}[4]" classname="org.apache.zookeeper.common.X509UtilTest" time="0.031"/>
  <testcase name="testLoadPKCS12KeyStoreAutodetectStoreFileType{X509KeyType, X509KeyType, String, Integer}[5]" classname="org.apache.zookeeper.common.X509UtilTest" time="0.039"/>
  <testcase name="testLoadPKCS12KeyStoreAutodetectStoreFileType{X509KeyType, X509KeyType, String, Integer}[6]" classname="org.apache.zookeeper.common.X509UtilTest" time="0.087"/>
  <testcase name="testLoadPKCS12KeyStoreAutodetectStoreFileType{X509KeyType, X509KeyType, String, Integer}[7]" classname="org.apache.zookeeper.common.X509UtilTest" time="0.051"/>
  <testcase name="testLoadPKCS12KeyStoreAutodetectStoreFileType{X509KeyType, X509KeyType, String, Integer}[8]" classname="org.apache.zookeeper.common.X509UtilTest" time="0.043"/>
  <testcase name="testCreateSSLSocket{X509KeyType, X509KeyType, String, Integer}[1]" classname="org.apache.zookeeper.common.X509UtilTest" time="0.223"/>
  <testcase name="testCreateSSLSocket{X509KeyType, X509KeyType, String, Integer}[2]" classname="org.apache.zookeeper.common.X509UtilTest" time="0.107"/>
  <testcase name="testCreateSSLSocket{X509KeyType, X509KeyType, String, Integer}[3]" classname="org.apache.zookeeper.common.X509UtilTest" time="0.114"/>
  <testcase name="testCreateSSLSocket{X509KeyType, X509KeyType, String, Integer}[4]" classname="org.apache.zookeeper.common.X509UtilTest" time="0.161"/>
  <testcase name="testCreateSSLSocket{X509KeyType, X509KeyType, String, Integer}[5]" classname="org.apache.zookeeper.common.X509UtilTest" time="0.158"/>
  <testcase name="testCreateSSLSocket{X509KeyType, X509KeyType, String, Integer}[6]" classname="org.apache.zookeeper.common.X509UtilTest" time="0.176"/>
  <testcase name="testCreateSSLSocket{X509KeyType, X509KeyType, String, Integer}[7]" classname="org.apache.zookeeper.common.X509UtilTest" time="0.161"/>
  <testcase name="testCreateSSLSocket{X509KeyType, X509KeyType, String, Integer}[8]" classname="org.apache.zookeeper.common.X509UtilTest" time="0.132"/>
  <testcase name="testLoadPEMTrustStore{X509KeyType, X509KeyType, String, Integer}[1]" classname="org.apache.zookeeper.common.X509UtilTest" time="0.006"/>
  <testcase name="testLoadPEMTrustStore{X509KeyType, X509KeyType, String, Integer}[2]" classname="org.apache.zookeeper.common.X509UtilTest" time="0.004"/>
  <testcase name="testLoadPEMTrustStore{X509KeyType, X509KeyType, String, Integer}[3]" classname="org.apache.zookeeper.common.X509UtilTest" time="0.004"/>
  <testcase name="testLoadPEMTrustStore{X509KeyType, X509KeyType, String, Integer}[4]" classname="org.apache.zookeeper.common.X509UtilTest" time="0.002"/>
  <testcase name="testLoadPEMTrustStore{X509KeyType, X509KeyType, String, Integer}[5]" classname="org.apache.zookeeper.common.X509UtilTest" time="0.002"/>
  <testcase name="testLoadPEMTrustStore{X509KeyType, X509KeyType, String, Integer}[6]" classname="org.apache.zookeeper.common.X509UtilTest" time="0.005"/>
  <testcase name="testLoadPEMTrustStore{X509KeyType, X509KeyType, String, Integer}[7]" classname="org.apache.zookeeper.common.X509UtilTest" time="0.002"/>
  <testcase name="testLoadPEMTrustStore{X509KeyType, X509KeyType, String, Integer}[8]" classname="org.apache.zookeeper.common.X509UtilTest" time="0.003"/>
  <testcase name="testGetDefaultCipherSuitesJava10{X509KeyType, X509KeyType, String, Integer}[1]" classname="org.apache.zookeeper.common.X509UtilTest" time="0.004"/>
  <testcase name="testGetDefaultCipherSuitesJava10{X509KeyType, X509KeyType, String, Integer}[2]" classname="org.apache.zookeeper.common.X509UtilTest" time="0.001"/>
  <testcase name="testGetDefaultCipherSuitesJava10{X509KeyType, X509KeyType, String, Integer}[3]" classname="org.apache.zookeeper.common.X509UtilTest" time="0.002"/>
  <testcase name="testGetDefaultCipherSuitesJava10{X509KeyType, X509KeyType, String, Integer}[4]" classname="org.apache.zookeeper.common.X509UtilTest" time="0.003"/>
  <testcase name="testGetDefaultCipherSuitesJava10{X509KeyType, X509KeyType, String, Integer}[5]" classname="org.apache.zookeeper.common.X509UtilTest" time="0.007"/>
  <testcase name="testGetDefaultCipherSuitesJava10{X509KeyType, X509KeyType, String, Integer}[6]" classname="org.apache.zookeeper.common.X509UtilTest" time="0.004"/>
  <testcase name="testGetDefaultCipherSuitesJava10{X509KeyType, X509KeyType, String, Integer}[7]" classname="org.apache.zookeeper.common.X509UtilTest" time="0.002"/>
  <testcase name="testGetDefaultCipherSuitesJava10{X509KeyType, X509KeyType, String, Integer}[8]" classname="org.apache.zookeeper.common.X509UtilTest" time="0.004"/>
  <testcase name="testGetDefaultCipherSuitesJava11{X509KeyType, X509KeyType, String, Integer}[1]" classname="org.apache.zookeeper.common.X509UtilTest" time="0.002"/>
  <testcase name="testGetDefaultCipherSuitesJava11{X509KeyType, X509KeyType, String, Integer}[2]" classname="org.apache.zookeeper.common.X509UtilTest" time="0.002"/>
  <testcase name="testGetDefaultCipherSuitesJava11{X509KeyType, X509KeyType, String, Integer}[3]" classname="org.apache.zookeeper.common.X509UtilTest" time="0.002"/>
  <testcase name="testGetDefaultCipherSuitesJava11{X509KeyType, X509KeyType, String, Integer}[4]" classname="org.apache.zookeeper.common.X509UtilTest" time="0.003"/>
  <testcase name="testGetDefaultCipherSuitesJava11{X509KeyType, X509KeyType, String, Integer}[5]" classname="org.apache.zookeeper.common.X509UtilTest" time="0.004"/>
  <testcase name="testGetDefaultCipherSuitesJava11{X509KeyType, X509KeyType, String, Integer}[6]" classname="org.apache.zookeeper.common.X509UtilTest" time="0.002"/>
  <testcase name="testGetDefaultCipherSuitesJava11{X509KeyType, X509KeyType, String, Integer}[7]" classname="org.apache.zookeeper.common.X509UtilTest" time="0.005"/>
  <testcase name="testGetDefaultCipherSuitesJava11{X509KeyType, X509KeyType, String, Integer}[8]" classname="org.apache.zookeeper.common.X509UtilTest" time="0.002"/>
  <testcase name="testLoadPEMKeyStoreNullPassword{X509KeyType, X509KeyType, String, Integer}[1]" classname="org.apache.zookeeper.common.X509UtilTest" time="0.018"/>
  <testcase name="testLoadPEMKeyStoreNullPassword{X509KeyType, X509KeyType, String, Integer}[2]" classname="org.apache.zookeeper.common.X509UtilTest" time="0.001"/>
  <testcase name="testLoadPEMKeyStoreNullPassword{X509KeyType, X509KeyType, String, Integer}[3]" classname="org.apache.zookeeper.common.X509UtilTest" time="0.027"/>
  <testcase name="testLoadPEMKeyStoreNullPassword{X509KeyType, X509KeyType, String, Integer}[4]" classname="org.apache.zookeeper.common.X509UtilTest" time="0.002"/>
  <testcase name="testLoadPEMKeyStoreNullPassword{X509KeyType, X509KeyType, String, Integer}[5]" classname="org.apache.zookeeper.common.X509UtilTest" time="0.013"/>
  <testcase name="testLoadPEMKeyStoreNullPassword{X509KeyType, X509KeyType, String, Integer}[6]" classname="org.apache.zookeeper.common.X509UtilTest" time="0.002"/>
  <testcase name="testLoadPEMKeyStoreNullPassword{X509KeyType, X509KeyType, String, Integer}[7]" classname="org.apache.zookeeper.common.X509UtilTest" time="0.008"/>
  <testcase name="testLoadPEMKeyStoreNullPassword{X509KeyType, X509KeyType, String, Integer}[8]" classname="org.apache.zookeeper.common.X509UtilTest" time="0.001"/>
  <testcase name="testLoadPEMKeyStoreAutodetectStoreFileType{X509KeyType, X509KeyType, String, Integer}[1]" classname="org.apache.zookeeper.common.X509UtilTest" time="0.012"/>
  <testcase name="testLoadPEMKeyStoreAutodetectStoreFileType{X509KeyType, X509KeyType, String, Integer}[2]" classname="org.apache.zookeeper.common.X509UtilTest" time="0.144"/>
  <testcase name="testLoadPEMKeyStoreAutodetectStoreFileType{X509KeyType, X509KeyType, String, Integer}[3]" classname="org.apache.zookeeper.common.X509UtilTest" time="0.004"/>
  <testcase name="testLoadPEMKeyStoreAutodetectStoreFileType{X509KeyType, X509KeyType, String, Integer}[4]" classname="org.apache.zookeeper.common.X509UtilTest" time="0.032"/>
  <testcase name="testLoadPEMKeyStoreAutodetectStoreFileType{X509KeyType, X509KeyType, String, Integer}[5]" classname="org.apache.zookeeper.common.X509UtilTest" time="0.004"/>
  <testcase name="testLoadPEMKeyStoreAutodetectStoreFileType{X509KeyType, X509KeyType, String, Integer}[6]" classname="org.apache.zookeeper.common.X509UtilTest" time="0.045"/>
  <testcase name="testLoadPEMKeyStoreAutodetectStoreFileType{X509KeyType, X509KeyType, String, Integer}[7]" classname="org.apache.zookeeper.common.X509UtilTest" time="0.004"/>
  <testcase name="testLoadPEMKeyStoreAutodetectStoreFileType{X509KeyType, X509KeyType, String, Integer}[8]" classname="org.apache.zookeeper.common.X509UtilTest" time="0.03"/>
  <testcase name="testLoadJKSTrustStore{X509KeyType, X509KeyType, String, Integer}[1]" classname="org.apache.zookeeper.common.X509UtilTest" time="0.047"/>
  <testcase name="testLoadJKSTrustStore{X509KeyType, X509KeyType, String, Integer}[2]" classname="org.apache.zookeeper.common.X509UtilTest" time="0.027"/>
  <testcase name="testLoadJKSTrustStore{X509KeyType, X509KeyType, String, Integer}[3]" classname="org.apache.zookeeper.common.X509UtilTest" time="0.086"/>
  <testcase name="testLoadJKSTrustStore{X509KeyType, X509KeyType, String, Integer}[4]" classname="org.apache.zookeeper.common.X509UtilTest" time="0.042"/>
  <testcase name="testLoadJKSTrustStore{X509KeyType, X509KeyType, String, Integer}[5]" classname="org.apache.zookeeper.common.X509UtilTest" time="0.029"/>
  <testcase name="testLoadJKSTrustStore{X509KeyType, X509KeyType, String, Integer}[6]" classname="org.apache.zookeeper.common.X509UtilTest" time="0.024"/>
  <testcase name="testLoadJKSTrustStore{X509KeyType, X509KeyType, String, Integer}[7]" classname="org.apache.zookeeper.common.X509UtilTest" time="0.029"/>
  <testcase name="testLoadJKSTrustStore{X509KeyType, X509KeyType, String, Integer}[8]" classname="org.apache.zookeeper.common.X509UtilTest" time="0.021"/>
  <testcase name="testLoadPEMKeyStore{X509KeyType, X509KeyType, String, Integer}[1]" classname="org.apache.zookeeper.common.X509UtilTest" time="0.005"/>
  <testcase name="testLoadPEMKeyStore{X509KeyType, X509KeyType, String, Integer}[2]" classname="org.apache.zookeeper.common.X509UtilTest" time="0.017"/>
  <testcase name="testLoadPEMKeyStore{X509KeyType, X509KeyType, String, Integer}[3]" classname="org.apache.zookeeper.common.X509UtilTest" time="0.003"/>
  <testcase name="testLoadPEMKeyStore{X509KeyType, X509KeyType, String, Integer}[4]" classname="org.apache.zookeeper.common.X509UtilTest" time="0.01"/>
  <testcase name="testLoadPEMKeyStore{X509KeyType, X509KeyType, String, Integer}[5]" classname="org.apache.zookeeper.common.X509UtilTest" time="0.004"/>
  <testcase name="testLoadPEMKeyStore{X509KeyType, X509KeyType, String, Integer}[6]" classname="org.apache.zookeeper.common.X509UtilTest" time="0.008"/>
  <testcase name="testLoadPEMKeyStore{X509KeyType, X509KeyType, String, Integer}[7]" classname="org.apache.zookeeper.common.X509UtilTest" time="0.003"/>
  <testcase name="testLoadPEMKeyStore{X509KeyType, X509KeyType, String, Integer}[8]" classname="org.apache.zookeeper.common.X509UtilTest" time="0.008"/>
  <testcase name="testLoadPKCS12KeyStoreWithWrongPassword{X509KeyType, X509KeyType, String, Integer}[1]" classname="org.apache.zookeeper.common.X509UtilTest" time="0.033"/>
  <testcase name="testLoadPKCS12KeyStoreWithWrongPassword{X509KeyType, X509KeyType, String, Integer}[2]" classname="org.apache.zookeeper.common.X509UtilTest" time="0.027"/>
  <testcase name="testLoadPKCS12KeyStoreWithWrongPassword{X509KeyType, X509KeyType, String, Integer}[3]" classname="org.apache.zookeeper.common.X509UtilTest" time="0.029"/>
  <testcase name="testLoadPKCS12KeyStoreWithWrongPassword{X509KeyType, X509KeyType, String, Integer}[4]" classname="org.apache.zookeeper.common.X509UtilTest" time="0.039"/>
  <testcase name="testLoadPKCS12KeyStoreWithWrongPassword{X509KeyType, X509KeyType, String, Integer}[5]" classname="org.apache.zookeeper.common.X509UtilTest" time="0.031"/>
  <testcase name="testLoadPKCS12KeyStoreWithWrongPassword{X509KeyType, X509KeyType, String, Integer}[6]" classname="org.apache.zookeeper.common.X509UtilTest" time="0.042"/>
  <testcase name="testLoadPKCS12KeyStoreWithWrongPassword{X509KeyType, X509KeyType, String, Integer}[7]" classname="org.apache.zookeeper.common.X509UtilTest" time="0.029"/>
  <testcase name="testLoadPKCS12KeyStoreWithWrongPassword{X509KeyType, X509KeyType, String, Integer}[8]" classname="org.apache.zookeeper.common.X509UtilTest" time="0.023"/>
  <testcase name="testLoadPEMKeyStoreWithWrongPassword{X509KeyType, X509KeyType, String, Integer}[1]" classname="org.apache.zookeeper.common.X509UtilTest" time="0.003"/>
  <testcase name="testLoadPEMKeyStoreWithWrongPassword{X509KeyType, X509KeyType, String, Integer}[2]" classname="org.apache.zookeeper.common.X509UtilTest" time="0.006"/>
  <testcase name="testLoadPEMKeyStoreWithWrongPassword{X509KeyType, X509KeyType, String, Integer}[3]" classname="org.apache.zookeeper.common.X509UtilTest" time="0.002"/>
  <testcase name="testLoadPEMKeyStoreWithWrongPassword{X509KeyType, X509KeyType, String, Integer}[4]" classname="org.apache.zookeeper.common.X509UtilTest" time="0.011"/>
  <testcase name="testLoadPEMKeyStoreWithWrongPassword{X509KeyType, X509KeyType, String, Integer}[5]" classname="org.apache.zookeeper.common.X509UtilTest" time="0.003"/>
  <testcase name="testLoadPEMKeyStoreWithWrongPassword{X509KeyType, X509KeyType, String, Integer}[6]" classname="org.apache.zookeeper.common.X509UtilTest" time="0.016"/>
  <testcase name="testLoadPEMKeyStoreWithWrongPassword{X509KeyType, X509KeyType, String, Integer}[7]" classname="org.apache.zookeeper.common.X509UtilTest" time="0.005"/>
  <testcase name="testLoadPEMKeyStoreWithWrongPassword{X509KeyType, X509KeyType, String, Integer}[8]" classname="org.apache.zookeeper.common.X509UtilTest" time="0.009"/>
  <testcase name="testCreateSSLServerSocketWithoutPort{X509KeyType, X509KeyType, String, Integer}[1]" classname="org.apache.zookeeper.common.X509UtilTest" time="0.119"/>
  <testcase name="testCreateSSLServerSocketWithoutPort{X509KeyType, X509KeyType, String, Integer}[2]" classname="org.apache.zookeeper.common.X509UtilTest" time="0.06"/>
  <testcase name="testCreateSSLServerSocketWithoutPort{X509KeyType, X509KeyType, String, Integer}[3]" classname="org.apache.zookeeper.common.X509UtilTest" time="0.063"/>
  <testcase name="testCreateSSLServerSocketWithoutPort{X509KeyType, X509KeyType, String, Integer}[4]" classname="org.apache.zookeeper.common.X509UtilTest" time="0.094"/>
  <testcase name="testCreateSSLServerSocketWithoutPort{X509KeyType, X509KeyType, String, Integer}[5]" classname="org.apache.zookeeper.common.X509UtilTest" time="0.036"/>
  <testcase name="testCreateSSLServerSocketWithoutPort{X509KeyType, X509KeyType, String, Integer}[6]" classname="org.apache.zookeeper.common.X509UtilTest" time="0.042"/>
  <testcase name="testCreateSSLServerSocketWithoutPort{X509KeyType, X509KeyType, String, Integer}[7]" classname="org.apache.zookeeper.common.X509UtilTest" time="0.037"/>
  <testcase name="testCreateSSLServerSocketWithoutPort{X509KeyType, X509KeyType, String, Integer}[8]" classname="org.apache.zookeeper.common.X509UtilTest" time="0.035"/>
  <testcase name="testCreateSSLContext_withTrustStorePasswordFromFile{X509KeyType, X509KeyType, String, Integer}[1]" classname="org.apache.zookeeper.common.X509UtilTest" time="0.035"/>
  <testcase name="testCreateSSLContext_withTrustStorePasswordFromFile{X509KeyType, X509KeyType, String, Integer}[2]" classname="org.apache.zookeeper.common.X509UtilTest" time="0.059"/>
  <testcase name="testCreateSSLContext_withTrustStorePasswordFromFile{X509KeyType, X509KeyType, String, Integer}[3]" classname="org.apache.zookeeper.common.X509UtilTest" time="0.115"/>
  <testcase name="testCreateSSLContext_withTrustStorePasswordFromFile{X509KeyType, X509KeyType, String, Integer}[4]" classname="org.apache.zookeeper.common.X509UtilTest" time="0.06"/>
  <testcase name="testCreateSSLContext_withTrustStorePasswordFromFile{X509KeyType, X509KeyType, String, Integer}[5]" classname="org.apache.zookeeper.common.X509UtilTest" time="0.039"/>
  <testcase name="testCreateSSLContext_withTrustStorePasswordFromFile{X509KeyType, X509KeyType, String, Integer}[6]" classname="org.apache.zookeeper.common.X509UtilTest" time="0.039"/>
  <testcase name="testCreateSSLContext_withTrustStorePasswordFromFile{X509KeyType, X509KeyType, String, Integer}[7]" classname="org.apache.zookeeper.common.X509UtilTest" time="0.073"/>
  <testcase name="testCreateSSLContext_withTrustStorePasswordFromFile{X509KeyType, X509KeyType, String, Integer}[8]" classname="org.apache.zookeeper.common.X509UtilTest" time="0.052"/>
  <testcase name="testGetDefaultCipherSuitesNullVersion{X509KeyType, X509KeyType, String, Integer}[1]" classname="org.apache.zookeeper.common.X509UtilTest" time="0.003"/>
  <testcase name="testGetDefaultCipherSuitesNullVersion{X509KeyType, X509KeyType, String, Integer}[2]" classname="org.apache.zookeeper.common.X509UtilTest" time="0.002"/>
  <testcase name="testGetDefaultCipherSuitesNullVersion{X509KeyType, X509KeyType, String, Integer}[3]" classname="org.apache.zookeeper.common.X509UtilTest" time="0.001"/>
  <testcase name="testGetDefaultCipherSuitesNullVersion{X509KeyType, X509KeyType, String, Integer}[4]" classname="org.apache.zookeeper.common.X509UtilTest" time="0.002"/>
  <testcase name="testGetDefaultCipherSuitesNullVersion{X509KeyType, X509KeyType, String, Integer}[5]" classname="org.apache.zookeeper.common.X509UtilTest" time="0.001"/>
  <testcase name="testGetDefaultCipherSuitesNullVersion{X509KeyType, X509KeyType, String, Integer}[6]" classname="org.apache.zookeeper.common.X509UtilTest" time="0.001"/>
  <testcase name="testGetDefaultCipherSuitesNullVersion{X509KeyType, X509KeyType, String, Integer}[7]" classname="org.apache.zookeeper.common.X509UtilTest" time="0.001"/>
  <testcase name="testGetDefaultCipherSuitesNullVersion{X509KeyType, X509KeyType, String, Integer}[8]" classname="org.apache.zookeeper.common.X509UtilTest" time="0.001"/>
  <testcase name="testLoadPKCS12KeyStoreNullPassword{X509KeyType, X509KeyType, String, Integer}[1]" classname="org.apache.zookeeper.common.X509UtilTest" time="0.02"/>
  <testcase name="testLoadPKCS12KeyStoreNullPassword{X509KeyType, X509KeyType, String, Integer}[2]" classname="org.apache.zookeeper.common.X509UtilTest" time="0.002"/>
  <testcase name="testLoadPKCS12KeyStoreNullPassword{X509KeyType, X509KeyType, String, Integer}[3]" classname="org.apache.zookeeper.common.X509UtilTest" time="0.019"/>
  <testcase name="testLoadPKCS12KeyStoreNullPassword{X509KeyType, X509KeyType, String, Integer}[4]" classname="org.apache.zookeeper.common.X509UtilTest" time="0.001"/>
  <testcase name="testLoadPKCS12KeyStoreNullPassword{X509KeyType, X509KeyType, String, Integer}[5]" classname="org.apache.zookeeper.common.X509UtilTest" time="0.027"/>
  <testcase name="testLoadPKCS12KeyStoreNullPassword{X509KeyType, X509KeyType, String, Integer}[6]" classname="org.apache.zookeeper.common.X509UtilTest" time="0.005"/>
  <testcase name="testLoadPKCS12KeyStoreNullPassword{X509KeyType, X509KeyType, String, Integer}[7]" classname="org.apache.zookeeper.common.X509UtilTest" time="0.052"/>
  <testcase name="testLoadPKCS12KeyStoreNullPassword{X509KeyType, X509KeyType, String, Integer}[8]" classname="org.apache.zookeeper.common.X509UtilTest" time="0.002"/>
</testsuite>