<?xml version="1.0" encoding="UTF-8"?>
<testsuite xmlns:xsi="http://www.w3.org/2001/XMLSchema-instance" xsi:noNamespaceSchemaLocation="https://maven.apache.org/surefire/maven-surefire-plugin/xsd/surefire-test-report.xsd" name="org.apache.zookeeper.SaslAuthTest" time="40.031" tests="5" errors="1" skipped="0" failures="0">
  <properties>
[...]
</properties>
  <testcase name="testAuth" classname="org.apache.zookeeper.SaslAuthTest" time="4.202"/>
  <testcase name="testZKOperationsAfterClientSaslAuthFailure" classname="org.apache.zookeeper.SaslAuthTest" time="0.762"/>
  <testcase name="testInvalidSaslIds" classname="org.apache.zookeeper.SaslAuthTest" time="0.865"/>
  <testcase name="testThreadsShutdownOnAuthFailed" classname="org.apache.zookeeper.SaslAuthTest" time="30.739">
    <error message="Failed to connect to ZooKeeper server." type="java.util.concurrent.TimeoutException">java.util.concurrent.TimeoutException: Failed to connect to ZooKeeper server.
	at org.apache.zookeeper.test.ClientBase$CountdownWatcher.waitForConnected(ClientBase.java:135)
	at org.apache.zookeeper.SaslAuthTest.testThreadsShutdownOnAuthFailed(SaslAuthTest.java:219)
</error>
    <system-out><![CDATA[2022-09-11 09:08:01,167 [myid:] - INFO  [main:o.a.z.PortAssignment@87] - Assigned port 11225 from range 11221 - 13913.
2022-09-11 09:08:01,169 [myid:] - INFO  [main:o.a.z.ZKTestCase@77] - STARTING Optional[public void org.apache.zookeeper.SaslAuthTest.testThreadsShutdownOnAuthFailed() throws java.lang.Exception]
2022-09-11 09:08:01,170 [myid:] - INFO  [main:o.a.z.t.ClientBase@486] - Initial fdcount is: 93
2022-09-11 09:08:01,173 [myid:] - INFO  [main:o.a.z.t.JMXEnv@58] - connecting to addr service:jmx:rmi://127.0.0.1/stub/rO0ABXNyAC5qYXZheC5tYW5hZ2VtZW50LnJlbW90ZS5ybWkuUk1JU2VydmVySW1wbF9TdHViAAAAAAAAAAICAAB4cgAaamF2YS5ybWkuc2VydmVyLlJlbW90ZVN0dWLp/tzJi+FlGgIAAHhyABxqYXZhLnJtaS5zZXJ2ZXIuUmVtb3RlT2JqZWN002G0kQxhMx4DAAB4cHcyAApVbmljYXN0UmVmAAkxMjcuMC4wLjEAANG6QEqUte5Jv/goDe5OAAABgyoWuamAIAB4
2022-09-11 09:08:01,233 [myid:] - INFO  [main:o.a.z.t.ClientBase@514] - STARTING server
2022-09-11 09:08:01,233 [myid:] - INFO  [main:o.a.z.t.ClientBase@423] - CREATING server instance 127.0.0.1:11225
2022-09-11 09:08:01,233 [myid:] - INFO  [main:o.a.z.s.ServerCnxnFactory@169] - Using org.apache.zookeeper.server.NIOServerCnxnFactory as server connection factory
2022-09-11 09:08:01,234 [myid:] - INFO  [main:o.a.z.Login@320] - Server successfully logged in.
2022-09-11 09:08:01,235 [myid:] - WARN  [main:o.a.z.s.ServerCnxnFactory@309] - maxCnxns is not configured, using default value 0.
2022-09-11 09:08:01,235 [myid:] - INFO  [main:o.a.z.s.NIOServerCnxnFactory@652] - Configuring NIO connection handler with 10s sessionless connection timeout, 1 selector thread(s), 8 worker threads, and 64 kB direct buffers.
2022-09-11 09:08:01,236 [myid:] - INFO  [main:o.a.z.s.NIOServerCnxnFactory@660] - binding to port 0.0.0.0/0.0.0.0:11225
2022-09-11 09:08:01,241 [myid:] - INFO  [main:o.a.z.t.ClientBase@395] - STARTING server instance 127.0.0.1:11225
2022-09-11 09:08:01,242 [myid:] - INFO  [main:o.a.z.s.p.FileTxnSnapLog@124] - zookeeper.snapshot.trust.empty : false
2022-09-11 09:08:01,261 [myid:] - INFO  [main:o.a.z.s.w.WatchManagerFactory@42] - Using org.apache.zookeeper.server.watch.WatchManager as watch manager
2022-09-11 09:08:01,263 [myid:] - INFO  [main:o.a.z.s.w.WatchManagerFactory@42] - Using org.apache.zookeeper.server.watch.WatchManager as watch manager
2022-09-11 09:08:01,265 [myid:] - INFO  [main:o.a.z.s.ZKDatabase@132] - zookeeper.snapshotSizeFactor = 0.33
2022-09-11 09:08:01,266 [myid:] - INFO  [main:o.a.z.s.ZKDatabase@152] - zookeeper.commitLogCount=500
2022-09-11 09:08:01,271 [myid:] - INFO  [main:o.a.z.s.ZooKeeperServer@1306] - minSessionTimeout set to 6000 ms
2022-09-11 09:08:01,271 [myid:] - INFO  [main:o.a.z.s.ZooKeeperServer@1315] - maxSessionTimeout set to 60000 ms
2022-09-11 09:08:01,271 [myid:] - INFO  [main:o.a.z.s.ResponseCache@45] - getData response cache size is initialized with value 400.
2022-09-11 09:08:01,271 [myid:] - INFO  [main:o.a.z.s.ResponseCache@45] - getChildren response cache size is initialized with value 400.
2022-09-11 09:08:01,272 [myid:] - INFO  [main:o.a.z.s.u.RequestPathMetricsCollector@109] - zookeeper.pathStats.slotCapacity = 60
2022-09-11 09:08:01,272 [myid:] - INFO  [main:o.a.z.s.u.RequestPathMetricsCollector@110] - zookeeper.pathStats.slotDuration = 15
2022-09-11 09:08:01,272 [myid:] - INFO  [main:o.a.z.s.u.RequestPathMetricsCollector@111] - zookeeper.pathStats.maxDepth = 6
2022-09-11 09:08:01,273 [myid:] - INFO  [main:o.a.z.s.u.RequestPathMetricsCollector@112] - zookeeper.pathStats.initialDelay = 5
2022-09-11 09:08:01,273 [myid:] - INFO  [main:o.a.z.s.u.RequestPathMetricsCollector@113] - zookeeper.pathStats.delay = 5
2022-09-11 09:08:01,273 [myid:] - INFO  [main:o.a.z.s.u.RequestPathMetricsCollector@114] - zookeeper.pathStats.enabled = false
2022-09-11 09:08:01,274 [myid:] - INFO  [main:o.a.z.s.ZooKeeperServer@1531] - The max bytes for all large requests are set to 104857600
2022-09-11 09:08:01,274 [myid:] - INFO  [main:o.a.z.s.ZooKeeperServer@1545] - The large request threshold is set to -1
2022-09-11 09:08:01,274 [myid:] - INFO  [main:o.a.z.s.AuthenticationHelper@66] - zookeeper.enforce.auth.enabled = false
2022-09-11 09:08:01,274 [myid:] - INFO  [main:o.a.z.s.AuthenticationHelper@67] - zookeeper.enforce.auth.schemes = []
2022-09-11 09:08:01,275 [myid:] - INFO  [main:o.a.z.s.ZooKeeperServer@376] - Created server with tickTime 3000 ms minSessionTimeout 6000 ms maxSessionTimeout 60000 ms clientPortListenBacklog -1 datadir /Users/linxiangling/Documents/GitHub/zookeeper/zookeeper-server/target/surefire/test10685746565815365230.junit.dir/version-2 snapdir /Users/linxiangling/Documents/GitHub/zookeeper/zookeeper-server/target/surefire/test10685746565815365230.junit.dir/version-2
2022-09-11 09:08:01,301 [myid:] - INFO  [main:o.a.z.s.p.FileTxnSnapLog@260] - Initialize file found, an empty database will not block voting participation
2022-09-11 09:08:01,302 [myid:] - INFO  [main:o.a.z.s.p.FileTxnSnapLog@479] - Snapshotting: 0x0 to /Users/linxiangling/Documents/GitHub/zookeeper/zookeeper-server/target/surefire/test10685746565815365230.junit.dir/version-2/snapshot.0
2022-09-11 09:08:01,352 [myid:] - INFO  [main:o.a.z.s.ZKDatabase@289] - Snapshot loaded in 71 ms, highest zxid is 0x0, digest is 1371985504
2022-09-11 09:08:01,352 [myid:] - INFO  [main:o.a.z.s.p.FileTxnSnapLog@479] - Snapshotting: 0x0 to /Users/linxiangling/Documents/GitHub/zookeeper/zookeeper-server/target/surefire/test10685746565815365230.junit.dir/version-2/snapshot.0
2022-09-11 09:08:01,470 [myid:] - INFO  [main:o.a.z.s.ZooKeeperServer@558] - Snapshot taken in 118 ms
2022-09-11 09:08:01,472 [myid:] - INFO  [ProcessThread(sid:0 cport:11225)::o.a.z.s.PrepRequestProcessor@138] - PrepRequestProcessor (sid:0) started, reconfigEnabled=false
2022-09-11 09:08:01,478 [myid:] - INFO  [main:o.a.z.c.FourLetterWordMain@94] - connecting to 127.0.0.1 11225
2022-09-11 09:08:01,482 [myid:] - INFO  [NIOWorkerThread-1:o.a.z.s.NIOServerCnxn@525] - Processing stat command from /127.0.0.1:53909
2022-09-11 09:08:01,482 [myid:] - INFO  [NIOWorkerThread-1:o.a.z.s.c.StatCommand@52] - Stat command output
2022-09-11 09:08:01,483 [myid:] - INFO  [main:o.a.z.t.JMXEnv@219] - ensureParent:[InMemoryDataTree, StandaloneServer_port]
2022-09-11 09:08:01,485 [myid:] - INFO  [main:o.a.z.t.JMXEnv@235] - expect:InMemoryDataTree
2022-09-11 09:08:01,486 [myid:] - INFO  [main:o.a.z.t.JMXEnv@239] - found:InMemoryDataTree org.apache.ZooKeeperService:name0=StandaloneServer_port11225,name1=InMemoryDataTree
2022-09-11 09:08:01,486 [myid:] - INFO  [main:o.a.z.t.JMXEnv@235] - expect:StandaloneServer_port
2022-09-11 09:08:01,487 [myid:] - INFO  [main:o.a.z.t.JMXEnv@239] - found:StandaloneServer_port org.apache.ZooKeeperService:name0=StandaloneServer_port11225
2022-09-11 09:08:01,487 [myid:] - INFO  [main:o.a.z.t.ClientBase@501] - Client test setup finished
2022-09-11 09:08:01,489 [myid:] - INFO  [main:o.a.z.ZooKeeper@657] - Initiating client connection, connectString=127.0.0.1:11225 sessionTimeout=30000 watcher=org.apache.zookeeper.SaslAuthTest$MyWatcher@3b00856b
2022-09-11 09:08:01,490 [myid:] - INFO  [main:o.a.z.ClientCnxnSocket@233] - jute.maxbuffer value is 1048575 Bytes
2022-09-11 09:08:01,491 [myid:] - INFO  [main:o.a.z.ClientCnxn@1720] - zookeeper.request.timeout value is 0. feature enabled=false
2022-09-11 09:08:01,494 [myid:127.0.0.1:11225] - INFO  [main-SendThread(127.0.0.1:11225):o.a.z.Login@320] - Client successfully logged in.
2022-09-11 09:08:01,495 [myid:127.0.0.1:11225] - INFO  [main-SendThread(127.0.0.1:11225):o.a.z.u.SecurityUtils@70] - Client will use DIGEST-MD5 as SASL mechanism.
2022-09-11 09:08:01,495 [myid:127.0.0.1:11225] - INFO  [main-SendThread(127.0.0.1:11225):o.a.z.ClientCnxn$SendThread@1162] - Opening socket connection to server localhost/127.0.0.1:11225.
2022-09-11 09:08:01,495 [myid:127.0.0.1:11225] - INFO  [main-SendThread(127.0.0.1:11225):o.a.z.ClientCnxn$SendThread@1164] - SASL config status: Will attempt to SASL-authenticate using Login Context section 'Client'
2022-09-11 09:08:01,496 [myid:127.0.0.1:11225] - INFO  [main-SendThread(127.0.0.1:11225):o.a.z.ClientCnxn$SendThread@996] - Socket connection established, initiating session, client: /127.0.0.1:53910, server: localhost/127.0.0.1:11225
2022-09-11 09:08:01,497 [myid:] - INFO  [SyncThread:0:o.a.z.s.p.FileTxnLog@285] - Creating new log file: log.1
2022-09-11 09:08:01,591 [myid:127.0.0.1:11225] - INFO  [main-SendThread(127.0.0.1:11225):o.a.z.ClientCnxn$SendThread@1431] - Session establishment complete on server localhost/127.0.0.1:11225, session id = 0x10000d8f3cd0000, negotiated timeout = 30000
2022-09-11 09:08:01,594 [myid:] - INFO  [NIOWorkerThread-6:o.a.z.s.a.SaslServerCallbackHandler@119] - Successfully authenticated client: authenticationID=super;  authorizationID=super.
2022-09-11 09:08:01,594 [myid:] - INFO  [NIOWorkerThread-6:o.a.z.s.a.SaslServerCallbackHandler@135] - Setting authorizedID: super
2022-09-11 09:08:01,595 [myid:] - INFO  [NIOWorkerThread-6:o.a.z.s.ZooKeeperServer@1722] - Session 0x10000d8f3cd0000: adding SASL authorization for authorizationID: super
2022-09-11 09:08:03,284 [myid:] - INFO  [SessionTracker:o.a.z.s.SessionTrackerImpl@176] - SessionTrackerImpl exited loop!
2022-09-11 09:08:31,651 [myid:] - INFO  [main-EventThread:o.a.z.ClientCnxn$EventThread@553] - EventThread shut down for session: 0x10000d8f3cd0000
2022-09-11 09:08:31,651 [myid:] - INFO  [main:o.a.z.ZooKeeper@1288] - Session: 0x10000d8f3cd0000 closed
2022-09-11 09:08:31,656 [myid:] - INFO  [main:o.a.z.t.ClientBase@583] - tearDown starting
2022-09-11 09:08:31,656 [myid:] - INFO  [main:o.a.z.t.ClientBase@557] - STOPPING server
2022-09-11 09:08:31,656 [myid:] - INFO  [ConnnectionExpirer:o.a.z.s.NIOServerCnxnFactory$ConnectionExpirerThread@564] - ConnnectionExpirerThread interrupted
2022-09-11 09:08:31,657 [myid:] - INFO  [NIOServerCxnFactory.SelectorThread-0:o.a.z.s.NIOServerCnxnFactory$SelectorThread@397] - selector thread exitted run method
2022-09-11 09:08:31,657 [myid:] - INFO  [NIOServerCxnFactory.AcceptThread:0.0.0.0/0.0.0.0:11225:o.a.z.s.NIOServerCnxnFactory$AcceptThread@195] - accept thread exitted run method
2022-09-11 09:08:31,658 [myid:] - INFO  [main:o.a.z.s.ZooKeeperServer@850] - shutting down
2022-09-11 09:08:31,658 [myid:] - INFO  [main:o.a.z.s.RequestThrottler@258] - Shutting down
2022-09-11 09:08:31,660 [myid:] - INFO  [RequestThrottler:o.a.z.s.RequestThrottler@219] - Draining request throttler queue
2022-09-11 09:08:31,660 [myid:] - INFO  [RequestThrottler:o.a.z.s.RequestThrottler@195] - RequestThrottler shutdown. Dropped 0 requests
2022-09-11 09:08:31,662 [myid:] - INFO  [main:o.a.z.s.SessionTrackerImpl@253] - Shutting down
2022-09-11 09:08:31,662 [myid:] - INFO  [main:o.a.z.s.PrepRequestProcessor@1064] - Shutting down
2022-09-11 09:08:31,662 [myid:] - INFO  [main:o.a.z.s.SyncRequestProcessor@255] - Shutting down
2022-09-11 09:08:31,663 [myid:] - INFO  [ProcessThread(sid:0 cport:11225)::o.a.z.s.PrepRequestProcessor@162] - PrepRequestProcessor exited loop!
2022-09-11 09:08:31,664 [myid:] - INFO  [SyncThread:0:o.a.z.s.SyncRequestProcessor@224] - SyncRequestProcessor exited!
2022-09-11 09:08:31,665 [myid:] - INFO  [main:o.a.z.s.FinalRequestProcessor@681] - shutdown of request processor complete
2022-09-11 09:08:31,669 [myid:] - INFO  [main:o.a.z.c.FourLetterWordMain@94] - connecting to 127.0.0.1 11225
2022-09-11 09:08:31,670 [myid:] - INFO  [main:o.a.z.t.JMXEnv@142] - ensureOnly:[]
2022-09-11 09:08:31,885 [myid:] - INFO  [main:o.a.z.t.ClientBase@607] - fdcount after test is: 93 at start it was 93
2022-09-11 09:08:31,886 [myid:] - INFO  [main:o.a.z.ZKTestCase@82] - FINISHED Optional[public void org.apache.zookeeper.SaslAuthTest.testThreadsShutdownOnAuthFailed() throws java.lang.Exception]
]]></system-out>
  </testcase>
  <testcase name="testValidSaslIds" classname="org.apache.zookeeper.SaslAuthTest" time="1.859"/>
</testsuite>