<?xml version="1.0" encoding="UTF-8"?>
<testsuite xmlns:xsi="http://www.w3.org/2001/XMLSchema-instance" xsi:noNamespaceSchemaLocation="https://maven.apache.org/surefire/maven-surefire-plugin/xsd/surefire-test-report.xsd" name="org.apache.zookeeper.server.quorum.FLEOutOfElectionTest" time="0.924" tests="5" errors="0" skipped="0" failures="0">
  <properties>
[...]
</properties>
  <testcase name="testOutofElection" classname="org.apache.zookeeper.server.quorum.FLEOutOfElectionTest" time="0.565"/>
  <testcase name="testIgnoringZxidElectionEpoch" classname="org.apache.zookeeper.server.quorum.FLEOutOfElectionTest" time="0.076"/>
  <testcase name="testElectionWIthDifferentVersion" classname="org.apache.zookeeper.server.quorum.FLEOutOfElectionTest" time="0.17"/>
  <testcase name="testLookingNormal" classname="org.apache.zookeeper.server.quorum.FLEOutOfElectionTest" time="0.027"/>
  <testcase name="testLookingDiffRounds" classname="org.apache.zookeeper.server.quorum.FLEOutOfElectionTest" time="0.041"/>
</testsuite>