<?xml version="1.0" encoding="UTF-8"?>
<testsuite xmlns:xsi="http://www.w3.org/2001/XMLSchema-instance" xsi:noNamespaceSchemaLocation="https://maven.apache.org/surefire/maven-surefire-plugin/xsd/surefire-test-report.xsd" name="org.apache.zookeeper.test.ChrootAsyncTest" time="40.193" tests="38" errors="0" skipped="0" failures="0">
  <properties>
[...]
</properties>
  <testcase name="testAsyncMulti" classname="org.apache.zookeeper.test.ChrootAsyncTest" time="2.661"/>
  <testcase name="testAsyncMultiSequential_NoSideEffect" classname="org.apache.zookeeper.test.ChrootAsyncTest" time="1.72"/>
  <testcase name="testAsyncGetChildrenEmpty" classname="org.apache.zookeeper.test.ChrootAsyncTest" time="1.409"/>
  <testcase name="testAsyncSetACLFailure_BadVersion" classname="org.apache.zookeeper.test.ChrootAsyncTest" time="1.423"/>
  <testcase name="testAsyncCreate" classname="org.apache.zookeeper.test.ChrootAsyncTest" time="1.679"/>
  <testcase name="testAsyncDelete" classname="org.apache.zookeeper.test.ChrootAsyncTest" time="1.968"/>
  <testcase name="testAsyncGetChildren2Failure_NoNode" classname="org.apache.zookeeper.test.ChrootAsyncTest" time="1.104"/>
  <testcase name="testAsyncExists" classname="org.apache.zookeeper.test.ChrootAsyncTest" time="1.725"/>
  <testcase name="testAsyncGetDataFailure_NoNode" classname="org.apache.zookeeper.test.ChrootAsyncTest" time="1.474"/>
  <testcase name="testAsyncGetACL" classname="org.apache.zookeeper.test.ChrootAsyncTest" time="1.576"/>
  <testcase name="testAsyncCreate2Failure_NoNode" classname="org.apache.zookeeper.test.ChrootAsyncTest" time="1.64"/>
  <testcase name="testAsyncCreateFailure_NoNode" classname="org.apache.zookeeper.test.ChrootAsyncTest" time="1.268"/>
  <testcase name="testAsyncSetACL" classname="org.apache.zookeeper.test.ChrootAsyncTest" time="1.205"/>
  <testcase name="testAsyncMultiFailure_NoSideEffect" classname="org.apache.zookeeper.test.ChrootAsyncTest" time="1.353"/>
  <testcase name="testAsyncGetData" classname="org.apache.zookeeper.test.ChrootAsyncTest" time="1.373"/>
  <testcase name="testAsyncSync" classname="org.apache.zookeeper.test.ChrootAsyncTest" time="1.227"/>
  <testcase name="testAsyncGetChildren2Two" classname="org.apache.zookeeper.test.ChrootAsyncTest" time="1.264"/>
  <testcase name="testAsyncCreateFailure_NoChildForEphemeral" classname="org.apache.zookeeper.test.ChrootAsyncTest" time="1.042"/>
  <testcase name="testAsyncDeleteFailure_BadVersion" classname="org.apache.zookeeper.test.ChrootAsyncTest" time="0.964"/>
  <testcase name="testAsyncDeleteFailure_NoNode" classname="org.apache.zookeeper.test.ChrootAsyncTest" time="1.006"/>
  <testcase name="testAsyncSetDataFailure_BadVersion" classname="org.apache.zookeeper.test.ChrootAsyncTest" time="1.093"/>
  <testcase name="testAsyncGetChildrenFailure_NoNode" classname="org.apache.zookeeper.test.ChrootAsyncTest" time="0.776"/>
  <testcase name="testAsyncCreate2" classname="org.apache.zookeeper.test.ChrootAsyncTest" time="0.774"/>
  <testcase name="testAsyncExistsFailure_NoNode" classname="org.apache.zookeeper.test.ChrootAsyncTest" time="0.706"/>
  <testcase name="testAsyncGetChildren2Empty" classname="org.apache.zookeeper.test.ChrootAsyncTest" time="0.398"/>
  <testcase name="testAsyncCreateThree" classname="org.apache.zookeeper.test.ChrootAsyncTest" time="0.413"/>
  <testcase name="testAsyncMultiFailure_AllErrorResult" classname="org.apache.zookeeper.test.ChrootAsyncTest" time="0.409"/>
  <testcase name="testAsyncGetChildrenTwo" classname="org.apache.zookeeper.test.ChrootAsyncTest" time="0.442"/>
  <testcase name="testAsyncCreateFailure_NodeExists" classname="org.apache.zookeeper.test.ChrootAsyncTest" time="0.392"/>
  <testcase name="testAsyncCreate2Failure_NoChildForEphemeral" classname="org.apache.zookeeper.test.ChrootAsyncTest" time="0.391"/>
  <testcase name="testAsyncSetData" classname="org.apache.zookeeper.test.ChrootAsyncTest" time="0.404"/>
  <testcase name="testAsyncSetDataFailure_NoNode" classname="org.apache.zookeeper.test.ChrootAsyncTest" time="0.408"/>
  <testcase name="testAsyncSetACLFailure_NoNode" classname="org.apache.zookeeper.test.ChrootAsyncTest" time="0.437"/>
  <testcase name="testAsyncDeleteFailure_NotEmpty" classname="org.apache.zookeeper.test.ChrootAsyncTest" time="0.477"/>
  <testcase name="testAsyncGetChildrenSingle" classname="org.apache.zookeeper.test.ChrootAsyncTest" time="0.478"/>
  <testcase name="testAsyncCreate2Failure_NodeExists" classname="org.apache.zookeeper.test.ChrootAsyncTest" time="0.653"/>
  <testcase name="testAsyncGetACLFailure_NoNode" classname="org.apache.zookeeper.test.ChrootAsyncTest" time="0.683"/>
  <testcase name="testAsyncGetChildren2Single" classname="org.apache.zookeeper.test.ChrootAsyncTest" time="0.732"/>
</testsuite>